TN:
SF:/Users/smeya/git/gboxide/cli/src/main.rs
FN:64,EmulatorApp::map_key
FN:84,<impl ApplicationHandler for EmulatorApp>::resumed
FN:93,<impl ApplicationHandler for EmulatorApp>::window_event
FN:112,<impl ApplicationHandler for EmulatorApp>::about_to_wait
FN:138,run_rom_headless
FN:155,run_rom
FN:191,run_test_rom
FN:271,main
FN:282,real_main
FNF:9
FNDA:12,EmulatorApp::map_key
FNDA:0,<impl ApplicationHandler for EmulatorApp>::resumed
FNDA:0,<impl ApplicationHandler for EmulatorApp>::window_event
FNDA:0,<impl ApplicationHandler for EmulatorApp>::about_to_wait
FNDA:0,run_rom_headless
FNDA:7,run_rom
FNDA:7,run_test_rom
FNDA:15,main
FNDA:15,real_main
DA:64,12
DA:65,7
DA:66,1
DA:67,1
DA:68,1
DA:69,1
DA:70,7
DA:71,2
DA:73,5
DA:74,2
DA:76,1
DA:77,1
DA:78,2
DA:84,0
DA:85,0
DA:86,0
DA:87,0
DA:88,0
DA:90,0
DA:93,0
DA:99,0
DA:100,0
DA:101,0
DA:103,0
DA:104,0
DA:109,0
DA:112,0
DA:113,0
DA:114,0
DA:115,0
DA:117,0
DA:118,0
DA:119,0
DA:120,0
DA:122,0
DA:123,0
DA:124,0
DA:125,0
DA:126,0
DA:127,0
DA:130,0
DA:132,0
DA:138,0
DA:139,0
DA:140,0
DA:141,0
DA:143,0
DA:145,0
DA:146,0
DA:147,0
DA:148,0
DA:149,0
DA:155,7
DA:162,7
DA:163,6
DA:165,2
DA:166,2
DA:168,1
DA:172,0
DA:173,0
DA:176,0
DA:191,7
DA:198,7
DA:199,6
DA:201,2
DA:202,2
DA:204,1
DA:213,0
DA:214,0
DA:215,0
DA:216,0
DA:217,0
DA:218,0
DA:221,0
DA:223,0
DA:224,0
DA:226,0
DA:228,0
DA:229,0
DA:230,0
DA:231,0
DA:232,0
DA:234,0
DA:235,0
DA:236,0
DA:243,0
DA:244,0
DA:245,0
DA:246,0
DA:247,0
DA:248,0
DA:252,0
DA:253,0
DA:255,0
DA:260,0
DA:261,0
DA:263,0
DA:264,0
DA:271,15
DA:272,30
DA:273,7
DA:274,8
DA:275,8
DA:276,8
DA:279,15
DA:282,15
DA:283,15
DA:285,17
DA:287,2
DA:289,17
DA:291,2
DA:293,15
DA:294,13
DA:295,13
DA:296,4
DA:297,0
DA:299,15
DA:300,7
DA:303,2
DA:304,4
DA:305,0
LF:121
LH:46
end_of_record
TN:
SF:/Users/smeya/git/gboxide/core-lib/src/apu/channel1.rs
FN:10,Nr10::sweep_time
FN:13,Nr10::set_sweep_time
FN:16,Nr10::sweep_increase
FN:19,Nr10::set_sweep_increase
FN:26,Nr10::sweep_shift
FN:29,Nr10::set_sweep_shift
FN:41,Nr11::duty
FN:44,Nr11::set_duty
FN:47,Nr11::length
FN:50,Nr11::set_length
FN:62,Nr12::initial_volume
FN:65,Nr12::set_initial_volume
FN:68,Nr12::envelope_direction
FN:71,Nr12::set_envelope_direction
FN:78,Nr12::envelope_period
FN:81,Nr12::set_envelope_period
FN:93,Nr14::trigger
FN:96,Nr14::set_trigger
FN:103,Nr14::length_enable
FN:106,Nr14::set_length_enable
FN:113,Nr14::freq_high
FN:116,Nr14::set_freq_high
FN:135,Channel1::read_reg
FN:148,Channel1::write_reg
FNF:24
FNDA:1,Nr10::sweep_time
FNDA:1,Nr10::set_sweep_time
FNDA:1,Nr10::sweep_increase
FNDA:1,Nr10::set_sweep_increase
FNDA:1,Nr10::sweep_shift
FNDA:1,Nr10::set_sweep_shift
FNDA:1,Nr11::duty
FNDA:1,Nr11::set_duty
FNDA:1,Nr11::length
FNDA:1,Nr11::set_length
FNDA:1,Nr12::initial_volume
FNDA:1,Nr12::set_initial_volume
FNDA:1,Nr12::envelope_direction
FNDA:1,Nr12::set_envelope_direction
FNDA:1,Nr12::envelope_period
FNDA:1,Nr12::set_envelope_period
FNDA:1,Nr14::trigger
FNDA:1,Nr14::set_trigger
FNDA:1,Nr14::length_enable
FNDA:1,Nr14::set_length_enable
FNDA:1,Nr14::freq_high
FNDA:1,Nr14::set_freq_high
FNDA:5,Channel1::read_reg
FNDA:5,Channel1::write_reg
DA:10,1
DA:11,1
DA:13,1
DA:14,1
DA:16,1
DA:17,1
DA:19,1
DA:20,2
DA:21,1
DA:23,0
DA:26,1
DA:27,1
DA:29,1
DA:30,1
DA:41,1
DA:42,1
DA:44,1
DA:45,1
DA:47,1
DA:48,1
DA:50,1
DA:51,1
DA:62,1
DA:63,1
DA:65,1
DA:66,1
DA:68,1
DA:69,1
DA:71,1
DA:72,2
DA:73,1
DA:75,0
DA:78,1
DA:79,1
DA:81,1
DA:82,1
DA:93,1
DA:94,1
DA:96,1
DA:97,2
DA:98,1
DA:100,0
DA:103,1
DA:104,1
DA:106,1
DA:107,2
DA:108,1
DA:110,0
DA:113,1
DA:114,1
DA:116,1
DA:117,1
DA:135,5
DA:136,5
DA:137,1
DA:138,1
DA:139,1
DA:140,1
DA:141,1
DA:142,0
DA:148,5
DA:149,5
DA:150,1
DA:151,1
DA:152,1
DA:153,1
DA:154,1
DA:155,0
LF:68
LH:62
end_of_record
TN:
SF:/Users/smeya/git/gboxide/core-lib/src/apu/channel2.rs
FN:12,Nr21::duty
FN:15,Nr21::set_duty
FN:18,Nr21::length
FN:21,Nr21::set_length
FN:24,Nr21::read_reg
FN:27,Nr21::write_reg
FN:39,Nr24::trigger
FN:42,Nr24::set_trigger
FN:49,Nr24::length_enable
FN:52,Nr24::set_length_enable
FN:59,Nr24::freq_high
FN:62,Nr24::set_freq_high
FN:65,Nr24::read_reg
FN:68,Nr24::write_reg
FN:86,Channel2::read_reg
FN:96,Channel2::write_reg
FNF:16
FNDA:257,Nr21::duty
FNDA:256,Nr21::set_duty
FNDA:257,Nr21::length
FNDA:256,Nr21::set_length
FNDA:261,Nr21::read_reg
FNDA:2,Nr21::write_reg
FNDA:3,Nr24::trigger
FNDA:2,Nr24::set_trigger
FNDA:3,Nr24::length_enable
FNDA:2,Nr24::set_length_enable
FNDA:9,Nr24::freq_high
FNDA:8,Nr24::set_freq_high
FNDA:4,Nr24::read_reg
FNDA:2,Nr24::write_reg
FNDA:11,Channel2::read_reg
FNDA:6,Channel2::write_reg
DA:12,257
DA:13,257
DA:15,256
DA:16,256
DA:18,257
DA:19,257
DA:21,256
DA:22,256
DA:24,261
DA:25,261
DA:27,2
DA:28,2
DA:39,3
DA:40,3
DA:42,2
DA:43,3
DA:44,1
DA:46,1
DA:49,3
DA:50,3
DA:52,2
DA:53,3
DA:54,1
DA:56,1
DA:59,9
DA:60,9
DA:62,8
DA:63,8
DA:65,4
DA:66,4
DA:68,2
DA:69,2
DA:86,11
DA:87,11
DA:88,2
DA:89,2
DA:90,2
DA:91,2
DA:92,3
DA:96,6
DA:97,6
DA:98,1
DA:99,1
DA:100,1
DA:101,1
DA:102,2
LF:46
LH:46
end_of_record
TN:
SF:/Users/smeya/git/gboxide/core-lib/src/apu/channel3.rs
FN:13,Nr30::sound_on
FN:16,Nr30::read_reg
FN:19,Nr30::write_reg
FN:30,Nr31::length
FN:33,Nr31::read_reg
FN:36,Nr31::write_reg
FN:47,Nr32::output_level
FN:50,Nr32::read_reg
FN:53,Nr32::write_reg
FN:64,Nr33::freq_lo
FN:67,Nr33::read_reg
FN:70,Nr33::write_reg
FN:83,Nr34::trigger
FN:86,Nr34::length_enable
FN:89,Nr34::freq_high
FN:92,Nr34::read_reg
FN:95,Nr34::write_reg
FN:122,<impl Default for Channel3>::default
FN:138,Channel3::read_reg
FN:149,Channel3::write_reg
FN:160,Channel3::read_wave_ram
FN:164,Channel3::write_wave_ram
FN:170,Channel3::trigger
FN:183,Channel3::is_enabled
FN:187,Channel3::length_enable
FNF:25
FNDA:2,Nr30::sound_on
FNDA:4,Nr30::read_reg
FNDA:5,Nr30::write_reg
FNDA:1,Nr31::length
FNDA:2,Nr31::read_reg
FNDA:2,Nr31::write_reg
FNDA:1,Nr32::output_level
FNDA:3,Nr32::read_reg
FNDA:3,Nr32::write_reg
FNDA:1,Nr33::freq_lo
FNDA:2,Nr33::read_reg
FNDA:2,Nr33::write_reg
FNDA:1,Nr34::trigger
FNDA:5,Nr34::length_enable
FNDA:1,Nr34::freq_high
FNDA:3,Nr34::read_reg
FNDA:4,Nr34::write_reg
FNDA:8,<impl Default for Channel3>::default
FNDA:10,Channel3::read_reg
FNDA:9,Channel3::write_reg
FNDA:50,Channel3::read_wave_ram
FNDA:48,Channel3::write_wave_ram
FNDA:0,Channel3::trigger
FNDA:0,Channel3::is_enabled
FNDA:0,Channel3::length_enable
DA:13,2
DA:14,2
DA:16,4
DA:17,4
DA:19,5
DA:20,5
DA:30,1
DA:31,1
DA:33,2
DA:34,2
DA:36,2
DA:37,2
DA:47,1
DA:48,1
DA:50,3
DA:51,3
DA:53,3
DA:54,3
DA:64,1
DA:65,1
DA:67,2
DA:68,2
DA:70,2
DA:71,2
DA:83,1
DA:84,1
DA:86,5
DA:87,5
DA:89,1
DA:90,1
DA:92,3
DA:93,3
DA:95,4
DA:96,4
DA:122,8
DA:124,8
DA:125,8
DA:126,8
DA:127,8
DA:128,8
DA:129,8
DA:138,10
DA:139,10
DA:140,3
DA:141,1
DA:142,2
DA:143,1
DA:144,2
DA:145,1
DA:149,9
DA:150,9
DA:151,3
DA:152,1
DA:153,2
DA:154,1
DA:155,2
DA:156,0
DA:160,50
DA:161,50
DA:164,48
DA:165,96
DA:166,48
DA:170,0
DA:171,0
DA:172,0
DA:174,0
DA:175,0
DA:176,0
DA:177,0
DA:179,0
DA:183,0
DA:184,0
DA:187,0
DA:188,0
LF:74
LH:61
end_of_record
TN:
SF:/Users/smeya/git/gboxide/core-lib/src/apu/channel4.rs
FN:15,Nr41::length
FN:18,Nr41::read_reg
FN:21,Nr41::write_reg
FN:37,Nr43::shift_clock_freq
FN:40,Nr43::counter_step_width
FN:43,Nr43::dividing_ratio
FN:46,Nr43::read_reg
FN:49,Nr43::write_reg
FN:61,Nr44::trigger
FN:64,Nr44::length_enable
FN:67,Nr44::read_reg
FN:70,Nr44::write_reg
FN:103,<impl Default for Channel4>::default
FN:122,Channel4::read_reg
FN:132,Channel4::write_reg
FN:142,Channel4::trigger
FN:151,Channel4::clock_lfsr
FNF:17
FNDA:1,Nr41::length
FNDA:2,Nr41::read_reg
FNDA:2,Nr41::write_reg
FNDA:1,Nr43::shift_clock_freq
FNDA:1,Nr43::counter_step_width
FNDA:1,Nr43::dividing_ratio
FNDA:3,Nr43::read_reg
FNDA:3,Nr43::write_reg
FNDA:1,Nr44::trigger
FNDA:1,Nr44::length_enable
FNDA:3,Nr44::read_reg
FNDA:4,Nr44::write_reg
FNDA:7,<impl Default for Channel4>::default
FNDA:9,Channel4::read_reg
FNDA:8,Channel4::write_reg
FNDA:0,Channel4::trigger
FNDA:0,Channel4::clock_lfsr
DA:15,1
DA:16,1
DA:18,2
DA:19,2
DA:21,2
DA:22,2
DA:37,1
DA:38,1
DA:40,1
DA:41,1
DA:43,1
DA:44,1
DA:46,3
DA:47,3
DA:49,3
DA:50,3
DA:61,1
DA:62,1
DA:64,1
DA:65,1
DA:67,3
DA:68,3
DA:70,4
DA:71,4
DA:103,7
DA:105,7
DA:106,7
DA:107,7
DA:108,7
DA:122,9
DA:123,9
DA:124,1
DA:125,3
DA:126,2
DA:127,2
DA:128,1
DA:132,8
DA:133,8
DA:134,1
DA:135,3
DA:136,2
DA:137,2
DA:138,0
DA:142,0
DA:143,0
DA:144,0
DA:145,0
DA:146,0
DA:147,0
DA:151,0
DA:153,0
DA:155,0
DA:157,0
DA:159,0
DA:161,0
DA:164,0
LF:56
LH:42
end_of_record
TN:
SF:/Users/smeya/git/gboxide/core-lib/src/apu/envelope.rs
FN:14,Envelope::new
FN:22,Envelope::read_reg
FN:26,Envelope::write_reg
FNF:3
FNDA:1,Envelope::new
FNDA:4,Envelope::read_reg
FNDA:5,Envelope::write_reg
DA:14,1
DA:22,4
DA:23,4
DA:26,5
DA:27,5
DA:28,5
DA:29,5
LF:7
LH:7
end_of_record
TN:
SF:/Users/smeya/git/gboxide/core-lib/src/apu/mod.rs
FN:99,<impl Default for Channel1>::default
FN:124,Nr10::read_reg
FN:128,Nr10::write_reg
FN:142,Nr11::read_reg
FN:146,Nr11::write_reg
FN:160,Nr12::read_reg
FN:164,Nr12::write_reg
FN:178,Nr14::read_reg
FN:182,Nr14::write_reg
FN:189,Channel1::read_reg
FN:200,Channel1::write_reg
FN:222,Channel1::trigger
FN:270,Channel1::tick_length
FN:280,Channel1::tick_envelope
FN:299,Channel1::tick_sweep
FN:318,Envelope::new
FN:326,Envelope::read_reg
FN:330,Envelope::write_reg
FN:358,<impl Default for Channel2>::default
FN:380,Nr21::read_reg
FN:384,Nr21::write_reg
FN:397,Nr24::read_reg
FN:401,Nr24::write_reg
FN:408,Channel2::read_reg
FN:418,Channel2::write_reg
FN:428,Channel2::tick_length
FN:437,Channel2::tick_envelope
FN:473,FrameSequencer::tick
FN:495,Apu::tick
FN:528,Apu::read
FN:561,Apu::write
FN:593,Channel3::tick_length
FN:605,Channel4::tick_length
FN:614,Channel4::tick_envelope
FNF:34
FNDA:7,<impl Default for Channel1>::default
FNDA:3,Nr10::read_reg
FNDA:2,Nr10::write_reg
FNDA:1,Nr11::read_reg
FNDA:2,Nr11::write_reg
FNDA:1,Nr12::read_reg
FNDA:2,Nr12::write_reg
FNDA:1,Nr14::read_reg
FNDA:3,Nr14::write_reg
FNDA:5,Channel1::read_reg
FNDA:5,Channel1::write_reg
FNDA:2,Channel1::trigger
FNDA:5,Channel1::tick_length
FNDA:1,Channel1::tick_envelope
FNDA:2,Channel1::tick_sweep
FNDA:14,Envelope::new
FNDA:4,Envelope::read_reg
FNDA:5,Envelope::write_reg
FNDA:7,<impl Default for Channel2>::default
FNDA:1,Nr21::read_reg
FNDA:1,Nr21::write_reg
FNDA:0,Nr24::read_reg
FNDA:2,Nr24::write_reg
FNDA:1,Channel2::read_reg
FNDA:1,Channel2::write_reg
FNDA:6,Channel2::tick_length
FNDA:3,Channel2::tick_envelope
FNDA:24,FrameSequencer::tick
FNDA:8,Apu::tick
FNDA:60,Apu::read
FNDA:57,Apu::write
FNDA:4,Channel3::tick_length
FNDA:4,Channel4::tick_length
FNDA:1,Channel4::tick_envelope
DA:99,7
DA:101,7
DA:102,7
DA:103,7
DA:105,7
DA:109,7
DA:124,3
DA:125,3
DA:128,2
DA:129,2
DA:142,1
DA:143,1
DA:146,2
DA:147,2
DA:160,1
DA:161,1
DA:164,2
DA:165,2
DA:178,1
DA:179,1
DA:182,3
DA:183,3
DA:189,5
DA:190,5
DA:191,2
DA:192,1
DA:193,1
DA:194,0
DA:195,1
DA:196,0
DA:200,5
DA:201,5
DA:202,2
DA:203,1
DA:204,1
DA:205,0
DA:207,1
DA:208,2
DA:209,1
DA:212,0
DA:222,2
DA:224,2
DA:226,2
DA:227,2
DA:228,2
DA:229,4
DA:233,2
DA:235,2
DA:236,4
DA:239,2
DA:241,2
DA:243,2
DA:244,2
DA:245,1
DA:247,1
DA:250,2
DA:251,2
DA:253,3
DA:255,2
DA:256,1
DA:257,2
DA:258,1
DA:260,0
DA:262,1
DA:263,0
DA:270,5
DA:271,10
DA:272,3
DA:273,5
DA:274,2
DA:280,1
DA:281,1
DA:282,1
DA:283,0
DA:284,0
DA:286,0
DA:287,0
DA:288,0
DA:289,0
DA:290,0
DA:291,0
DA:292,0
DA:299,2
DA:300,2
DA:302,2
DA:303,0
DA:318,14
DA:326,4
DA:327,12
DA:330,5
DA:331,5
DA:332,5
DA:333,5
DA:358,7
DA:360,7
DA:361,7
DA:363,7
DA:380,1
DA:381,1
DA:384,1
DA:385,1
DA:397,0
DA:398,0
DA:401,2
DA:402,2
DA:408,1
DA:409,1
DA:410,1
DA:411,0
DA:412,0
DA:413,0
DA:414,0
DA:418,1
DA:419,1
DA:420,1
DA:421,0
DA:422,0
DA:423,0
DA:424,0
DA:428,6
DA:429,12
DA:430,4
DA:431,6
DA:432,2
DA:437,3
DA:438,3
DA:439,3
DA:440,4
DA:441,2
DA:443,2
DA:444,2
DA:445,2
DA:446,5
DA:447,1
DA:448,2
DA:449,0
DA:473,24
DA:474,24
DA:475,48
DA:476,48
DA:477,24
DA:478,24
DA:479,24
DA:485,24
DA:495,8
DA:496,8
DA:497,16
DA:503,4
DA:504,4
DA:505,4
DA:506,4
DA:507,4
DA:509,4
DA:512,2
DA:513,2
DA:515,6
DA:517,1
DA:518,1
DA:519,1
DA:520,1
DA:528,60
DA:529,120
DA:530,1
DA:532,59
DA:533,6
DA:534,2
DA:535,1
DA:536,1
DA:537,1
DA:538,1
DA:539,0
DA:540,0
DA:542,2
DA:543,1
DA:544,1
DA:546,34
DA:547,32
DA:548,32
DA:551,2
DA:552,1
DA:553,1
DA:554,7
DA:561,57
DA:562,114
DA:563,1
DA:565,56
DA:566,2
DA:567,1
DA:568,1
DA:569,1
DA:570,1
DA:571,0
DA:572,0
DA:574,2
DA:575,1
DA:576,1
DA:578,65
DA:579,32
DA:580,32
DA:583,2
DA:584,1
DA:585,1
DA:586,10
DA:593,4
DA:594,8
DA:595,2
DA:596,3
DA:597,1
DA:605,4
DA:606,8
DA:607,2
DA:608,3
DA:609,1
DA:614,1
DA:615,1
DA:616,1
DA:617,0
DA:618,0
DA:620,0
DA:621,0
DA:622,0
DA:623,0
DA:624,0
DA:625,0
DA:626,0
LF:225
LH:185
end_of_record
TN:
SF:/Users/smeya/git/gboxide/core-lib/src/apu/sweep.rs
FN:22,Sweep::clock
FN:43,Sweep::trigger
FN:61,Sweep::reset
FNF:3
FNDA:6,Sweep::clock
FNDA:2,Sweep::trigger
FNDA:1,Sweep::reset
DA:22,6
DA:24,11
DA:26,3
DA:27,6
DA:28,1
DA:30,2
DA:33,4
DA:34,1
DA:35,5
DA:37,2
DA:43,2
DA:44,2
DA:45,4
DA:46,2
DA:48,2
DA:49,2
DA:50,4
DA:51,0
DA:53,2
DA:55,3
DA:56,1
DA:61,1
DA:62,1
DA:63,1
DA:64,1
LF:25
LH:24
end_of_record
TN:
SF:/Users/smeya/git/gboxide/core-lib/src/apu/wave_duty.rs
FN:19,WaveDuty::pattern_bits
FNF:1
FNDA:4,WaveDuty::pattern_bits
DA:19,4
DA:20,4
DA:21,1
DA:22,1
DA:23,1
DA:24,1
LF:6
LH:6
end_of_record
TN:
SF:/Users/smeya/git/gboxide/core-lib/src/bus.rs
FN:10,MemoryBus::read_word
FN:17,MemoryBus::write_word
FN:35,Bus<'a>::new
FN:41,<impl MemoryBus for Bus<'_>>::read
FN:45,<impl MemoryBus for Bus<'_>>::write
FN:49,<impl MemoryBus for Bus<'_>>::get_interrupt
FN:53,<impl MemoryBus for Bus<'_>>::clear_interrupt
FN:57,<impl MemoryBus for Bus<'_>>::get_interrupt_vector
FN:61,<impl MemoryBus for Bus<'_>>::read_word
FN:67,<impl MemoryBus for Bus<'_>>::write_word
FNF:10
FNDA:0,MemoryBus::read_word
FNDA:0,MemoryBus::write_word
FNDA:0,Bus<'a>::new
FNDA:0,<impl MemoryBus for Bus<'_>>::read
FNDA:0,<impl MemoryBus for Bus<'_>>::write
FNDA:0,<impl MemoryBus for Bus<'_>>::get_interrupt
FNDA:0,<impl MemoryBus for Bus<'_>>::clear_interrupt
FNDA:0,<impl MemoryBus for Bus<'_>>::get_interrupt_vector
FNDA:0,<impl MemoryBus for Bus<'_>>::read_word
FNDA:0,<impl MemoryBus for Bus<'_>>::write_word
DA:10,0
DA:11,0
DA:12,0
DA:13,0
DA:17,0
DA:18,0
DA:19,0
DA:20,0
DA:21,0
DA:35,0
DA:41,0
DA:42,0
DA:45,0
DA:46,0
DA:49,0
DA:50,0
DA:53,0
DA:54,0
DA:57,0
DA:58,0
DA:61,0
DA:62,0
DA:63,0
DA:64,0
DA:67,0
DA:68,0
DA:69,0
DA:70,0
DA:71,0
LF:29
LH:0
end_of_record
TN:
SF:/Users/smeya/git/gboxide/core-lib/src/cartridge/mod.rs
FN:32,Cartridge::new
FN:72,Cartridge::create_mbc
FN:89,Cartridge::title
FN:101,Cartridge::rom_size
FN:106,Cartridge::ram_size
FN:111,Cartridge::has_battery
FN:119,Cartridge::read
FN:157,Cartridge::write
FNF:8
FNDA:58,Cartridge::new
FNDA:38,Cartridge::create_mbc
FNDA:2,Cartridge::title
FNDA:1,Cartridge::rom_size
FNDA:1,Cartridge::ram_size
FNDA:1,Cartridge::has_battery
FNDA:3,Cartridge::read
FNDA:8,Cartridge::write
DA:32,58
DA:33,58
DA:34,6
DA:36,51
DA:37,1
DA:38,50
DA:39,1
DA:40,49
DA:41,1
DA:42,7
DA:51,16
DA:53,33
DA:72,38
DA:73,38
DA:74,22
DA:75,15
DA:76,0
DA:77,0
DA:78,0
DA:80,1
DA:89,2
DA:90,2
DA:91,4
DA:92,1
DA:94,1
DA:96,24
DA:97,2
DA:101,1
DA:102,1
DA:106,1
DA:107,1
DA:111,1
DA:112,1
DA:119,3
DA:120,3
DA:121,3
DA:122,0
DA:123,0
DA:125,0
DA:126,3
DA:127,0
DA:128,0
DA:129,0
DA:130,0
DA:132,0
DA:134,3
DA:135,2
DA:136,2
DA:143,0
DA:146,1
DA:149,1
DA:157,8
DA:158,8
DA:159,8
DA:160,2
DA:161,2
DA:163,6
DA:164,1
DA:165,2
DA:166,1
DA:168,5
DA:169,1
DA:170,1
DA:172,4
DA:173,2
DA:174,2
DA:177,1
DA:181,0
DA:184,0
DA:187,1
DA:190,2
LF:71
LH:57
end_of_record
TN:
SF:/Users/smeya/git/gboxide/core-lib/src/cartridge/types.rs
FN:30,CartridgeType::from_u8
FN:129,RomSize::from_u8
FN:143,RomSize::as_bytes
FN:157,RomSize::size
FN:174,RamSize::from_u8
FN:185,RamSize::as_bytes
FN:196,RamSize::size
FNF:7
FNDA:60,CartridgeType::from_u8
FNDA:55,RomSize::from_u8
FNDA:3,RomSize::as_bytes
FNDA:2,RomSize::size
FNDA:54,RamSize::from_u8
FNDA:68,RamSize::as_bytes
FNDA:67,RamSize::size
DA:30,60
DA:31,60
DA:32,30
DA:33,15
DA:34,15
DA:35,15
DA:36,15
DA:38,0
DA:39,0
DA:40,0
DA:41,0
DA:43,4
DA:44,4
DA:45,4
DA:46,4
DA:48,1
DA:49,1
DA:50,0
DA:51,0
DA:52,1
DA:53,1
DA:54,1
DA:55,1
DA:57,0
DA:58,0
DA:59,0
DA:60,0
DA:62,0
DA:63,0
DA:64,0
DA:65,0
DA:67,0
DA:68,0
DA:69,0
DA:70,0
DA:72,1
DA:73,1
DA:74,1
DA:75,1
DA:77,1
DA:78,1
DA:79,1
DA:80,1
DA:82,0
DA:83,0
DA:84,0
DA:85,0
DA:87,1
DA:88,1
DA:89,1
DA:90,1
DA:92,0
DA:93,0
DA:94,0
DA:95,0
DA:97,0
DA:98,0
DA:99,0
DA:100,0
DA:102,0
DA:103,0
DA:104,0
DA:105,0
DA:107,2
DA:108,1
DA:109,2
DA:129,55
DA:130,55
DA:131,49
DA:132,2
DA:133,1
DA:134,0
DA:135,0
DA:136,0
DA:137,0
DA:138,0
DA:139,1
DA:140,2
DA:143,3
DA:144,3
DA:145,2
DA:146,0
DA:147,0
DA:148,0
DA:149,0
DA:150,0
DA:151,0
DA:152,0
DA:153,1
DA:157,2
DA:158,2
DA:174,54
DA:175,54
DA:176,34
DA:177,2
DA:178,15
DA:179,0
DA:180,0
DA:181,1
DA:182,2
DA:185,68
DA:186,68
DA:187,34
DA:188,3
DA:189,30
DA:190,0
DA:191,0
DA:192,1
DA:196,67
DA:197,67
LF:110
LH:60
end_of_record
TN:
SF:/Users/smeya/git/gboxide/core-lib/src/cpu/mod.rs
FN:32,Registers::af
FN:37,Registers::set_af
FN:42,Registers::bc
FN:47,Registers::set_bc
FN:52,Registers::de
FN:57,Registers::set_de
FN:62,Registers::hl
FN:67,Registers::set_hl
FN:72,Registers::sp
FN:76,Registers::set_sp
FN:84,Registers::get_reg
FN:102,Registers::set_reg
FN:116,Registers::flags
FN:126,Registers::set_flags
FN:153,<impl Default for CPU>::default
FN:159,CPU::new
FN:170,CPU::step
FN:259,CPU::get_cycles
FN:263,CPU::get_current_cycles
FN:267,CPU::execute
FNF:20
FNDA:0,Registers::af
FNDA:0,Registers::set_af
FNDA:8,Registers::bc
FNDA:5,Registers::set_bc
FNDA:6,Registers::de
FNDA:4,Registers::set_de
FNDA:97,Registers::hl
FNDA:15,Registers::set_hl
FNDA:0,Registers::sp
FNDA:2,Registers::set_sp
FNDA:226,Registers::get_reg
FNDA:170,Registers::set_reg
FNDA:0,Registers::flags
FNDA:0,Registers::set_flags
FNDA:0,<impl Default for CPU>::default
FNDA:12,CPU::new
FNDA:21,CPU::step
FNDA:4,CPU::get_cycles
FNDA:0,CPU::get_current_cycles
FNDA:0,CPU::execute
DA:32,0
DA:33,0
DA:37,0
DA:38,0
DA:39,0
DA:42,8
DA:43,8
DA:47,5
DA:48,5
DA:49,5
DA:52,6
DA:53,6
DA:57,4
DA:58,4
DA:59,4
DA:62,97
DA:63,97
DA:67,15
DA:68,15
DA:69,15
DA:72,0
DA:73,0
DA:76,2
DA:77,2
DA:84,226
DA:85,226
DA:86,258
DA:87,227
DA:88,194
DA:89,160
DA:90,128
DA:91,96
DA:92,64
DA:93,0
DA:94,0
DA:102,170
DA:103,170
DA:104,194
DA:105,146
DA:106,171
DA:107,146
DA:108,120
DA:109,96
DA:110,72
DA:111,48
DA:112,0
DA:116,0
DA:118,0
DA:119,0
DA:120,0
DA:121,0
DA:126,0
DA:127,0
DA:128,0
DA:129,0
DA:131,0
DA:132,0
DA:134,0
DA:135,0
DA:137,0
DA:138,0
DA:153,0
DA:154,0
DA:159,12
DA:161,12
DA:170,21
DA:172,21
DA:174,21
DA:175,21
DA:178,0
DA:179,0
DA:180,0
DA:181,0
DA:182,0
DA:183,0
DA:184,0
DA:185,0
DA:186,0
DA:187,0
DA:190,21
DA:191,1
DA:192,1
DA:193,1
DA:195,20
DA:196,20
DA:198,20
DA:200,20
DA:201,20
DA:202,20
DA:205,1
DA:206,1
DA:208,1
DA:209,1
DA:210,1
DA:212,1
DA:215,19
DA:216,19
DA:217,19
DA:219,19
DA:221,20
DA:223,0
DA:224,0
DA:231,20
DA:232,20
DA:233,20
DA:234,20
DA:235,20
DA:236,20
DA:237,20
DA:238,20
DA:239,20
DA:240,20
DA:241,20
DA:242,20
DA:243,20
DA:244,20
DA:245,20
DA:246,20
DA:247,20
DA:248,20
DA:249,20
DA:252,20
DA:259,4
DA:260,4
DA:263,0
DA:264,0
DA:267,0
DA:268,0
LF:128
LH:85
end_of_record
TN:
SF:/Users/smeya/git/gboxide/core-lib/src/cpu/opcodes/alu.rs
FNF:0
DA:18,9
DA:19,9
DA:20,9
DA:21,9
DA:23,9
DA:24,9
DA:25,9
DA:26,9
DA:27,9
DA:28,9
DA:41,7
DA:42,7
DA:43,7
DA:44,7
DA:45,7
DA:46,7
DA:47,7
DA:48,7
DA:49,7
DA:50,7
DA:63,7
DA:64,7
DA:65,7
DA:66,7
DA:67,7
DA:80,7
DA:81,7
DA:82,7
DA:83,7
DA:96,7
DA:97,7
DA:98,7
DA:99,7
DA:112,7
DA:113,7
DA:114,7
DA:116,7
DA:117,7
DA:118,7
DA:119,7
DA:120,7
DA:133,6
DA:134,6
DA:135,6
DA:136,6
DA:137,6
DA:138,6
DA:139,6
DA:140,6
DA:153,7
DA:154,7
DA:155,7
DA:156,7
DA:157,7
DA:158,7
DA:159,7
DA:160,7
DA:161,7
DA:174,2
DA:175,2
DA:176,2
DA:177,2
DA:178,2
DA:179,2
DA:180,2
DA:181,2
DA:182,2
DA:183,2
DA:184,2
DA:197,1
DA:198,1
DA:199,1
DA:200,1
DA:201,1
DA:202,1
DA:203,1
DA:204,1
DA:205,1
DA:206,1
DA:207,1
DA:220,1
DA:221,1
DA:222,1
DA:223,1
DA:224,1
DA:225,1
DA:226,1
DA:239,1
DA:240,1
DA:241,1
DA:242,1
DA:243,1
DA:244,1
DA:257,1
DA:258,1
DA:259,1
DA:260,1
DA:261,1
DA:262,1
DA:275,1
DA:276,1
DA:277,1
DA:278,1
DA:279,1
DA:280,2
DA:281,1
DA:283,1
DA:284,0
DA:286,1
DA:287,0
DA:289,1
DA:290,1
DA:291,1
DA:292,1
DA:293,1
DA:294,1
DA:295,1
DA:296,1
DA:297,1
DA:299,1
DA:312,1
DA:313,1
DA:314,1
DA:315,1
DA:316,1
DA:317,1
DA:318,1
DA:319,2
DA:320,1
DA:322,1
DA:323,0
DA:325,1
DA:326,0
DA:328,1
DA:329,1
DA:342,1
DA:343,1
DA:344,1
DA:345,1
DA:346,1
DA:347,1
DA:348,1
DA:349,2
DA:350,1
DA:352,1
DA:353,0
DA:355,1
DA:356,0
DA:358,1
DA:359,1
LF:150
LH:144
end_of_record
TN:
SF:/Users/smeya/git/gboxide/core-lib/src/cpu/opcodes/cb.rs
FNF:0
DA:12,1
DA:13,257
DA:14,256
DA:15,256
DA:16,256
DA:17,512
DA:21,1
DA:23,9
DA:26,8
DA:28,9
DA:29,18
DA:30,1
DA:32,8
DA:34,9
DA:35,9
DA:36,16
DA:37,7
DA:39,11
DA:40,2
DA:42,10
DA:43,1
DA:45,8
DA:47,9
DA:52,9
DA:55,8
DA:57,8
DA:58,16
DA:59,1
DA:61,7
DA:63,8
DA:64,8
DA:65,14
DA:66,6
DA:68,10
DA:69,2
DA:71,9
DA:72,1
DA:74,7
DA:76,8
DA:81,9
DA:84,8
DA:86,9
DA:87,18
DA:88,1
DA:90,8
DA:92,9
DA:93,9
DA:94,9
DA:95,15
DA:96,6
DA:98,11
DA:99,2
DA:101,10
DA:102,1
DA:104,8
DA:106,9
DA:111,9
DA:114,8
DA:116,8
DA:117,16
DA:118,1
DA:120,7
DA:122,8
DA:123,8
DA:124,8
DA:125,13
DA:126,5
DA:128,9
DA:129,1
DA:131,9
DA:132,1
DA:134,7
DA:136,8
DA:141,9
DA:144,8
DA:146,8
DA:147,16
DA:148,1
DA:150,7
DA:152,8
DA:153,8
DA:154,14
DA:155,6
DA:157,8
DA:158,0
DA:160,9
DA:161,1
DA:163,7
DA:165,8
DA:170,9
DA:173,8
DA:175,8
DA:176,16
DA:177,1
DA:179,7
DA:181,8
DA:182,8
DA:183,14
DA:184,6
DA:186,8
DA:187,0
DA:189,9
DA:190,1
DA:192,7
DA:194,8
DA:199,9
DA:202,8
DA:204,8
DA:205,16
DA:206,1
DA:208,7
DA:210,8
DA:211,8
DA:212,14
DA:213,6
DA:215,9
DA:216,1
DA:218,7
DA:220,8
DA:225,9
DA:228,8
DA:230,8
DA:231,16
DA:232,1
DA:234,7
DA:236,8
DA:237,8
DA:238,14
DA:239,6
DA:241,10
DA:242,2
DA:244,9
DA:245,1
DA:247,7
DA:249,8
DA:254,17
DA:255,64
DA:259,64
DA:261,64
DA:262,128
DA:263,8
DA:265,56
DA:267,64
DA:268,64
DA:269,64
DA:270,117
DA:271,53
DA:272,64
DA:273,64
DA:274,64
DA:280,64
DA:282,64
DA:283,128
DA:284,8
DA:286,56
DA:288,64
DA:289,72
DA:290,8
DA:292,56
DA:294,64
DA:300,64
DA:302,64
DA:303,128
DA:304,8
DA:306,56
DA:308,64
DA:309,72
DA:310,8
DA:312,56
DA:314,64
DA:319,1
LF:171
LH:169
end_of_record
TN:
SF:/Users/smeya/git/gboxide/core-lib/src/cpu/opcodes/jump.rs
FN:12,wrapping_add_signed_u16
FNF:1
FNDA:6,wrapping_add_signed_u16
DA:12,6
DA:13,6
DA:23,4
DA:24,4
DA:25,4
DA:26,4
DA:27,6
DA:28,2
DA:30,4
DA:43,6
DA:44,6
DA:45,6
DA:46,11
DA:47,5
DA:49,6
DA:62,4
DA:63,4
DA:64,4
DA:65,4
DA:66,6
DA:68,2
DA:69,2
DA:70,2
DA:71,2
DA:73,2
DA:75,4
DA:88,4
DA:89,6
DA:90,2
DA:91,2
DA:92,2
DA:93,2
DA:94,2
DA:96,4
DA:109,1
DA:110,1
DA:111,1
DA:112,1
DA:113,1
DA:126,1
DA:127,1
DA:128,1
DA:141,1
DA:142,1
DA:143,1
DA:144,1
DA:145,1
DA:158,1
DA:159,1
DA:160,1
DA:161,1
DA:162,1
DA:163,1
DA:164,1
DA:165,1
DA:166,1
DA:167,1
DA:180,1
DA:181,1
DA:182,1
DA:183,1
DA:184,1
DA:185,1
DA:186,1
DA:199,1
DA:200,1
DA:201,1
DA:202,1
DA:203,1
DA:204,1
DA:205,1
DA:218,8
DA:219,8
DA:220,8
DA:221,8
DA:222,8
DA:223,8
DA:224,8
DA:237,1
DA:238,1
DA:239,1
DA:252,1
DA:253,1
DA:254,1
DA:267,2
DA:268,2
DA:269,2
DA:282,1
DA:283,1
DA:284,1
DA:285,1
DA:286,1
DA:287,1
LF:93
LH:93
end_of_record
TN:
SF:/Users/smeya/git/gboxide/core-lib/src/cpu/opcodes/load_store.rs
FNF:0
DA:18,49
DA:19,49
DA:21,49
DA:23,49
DA:36,7
DA:37,7
DA:38,7
DA:39,7
DA:52,7
DA:53,7
DA:54,7
DA:55,7
DA:69,4
DA:70,8
DA:71,1
DA:73,3
DA:75,4
DA:76,4
DA:91,4
DA:92,8
DA:93,1
DA:95,3
DA:97,4
DA:98,4
DA:113,4
DA:114,4
DA:115,4
DA:116,4
DA:117,4
DA:118,5
DA:119,1
DA:121,3
DA:123,4
DA:138,4
DA:139,8
DA:140,1
DA:142,3
DA:144,4
DA:145,4
DA:146,4
DA:147,4
DA:148,4
DA:163,4
DA:164,4
DA:165,4
DA:166,4
DA:167,4
DA:168,4
DA:169,5
DA:170,1
DA:171,1
DA:173,3
DA:175,4
DA:189,5
DA:190,5
DA:191,10
DA:192,1
DA:194,4
DA:196,5
DA:197,5
DA:198,5
DA:199,6
DA:200,1
DA:202,6
DA:203,1
DA:205,5
DA:206,5
DA:219,1
DA:220,1
DA:221,1
DA:222,1
DA:223,1
DA:224,1
DA:225,1
DA:226,1
DA:227,1
DA:229,1
DA:242,1
DA:243,1
DA:244,1
DA:257,1
DA:258,1
DA:259,1
DA:272,1
DA:273,1
DA:274,1
DA:287,1
DA:288,1
DA:289,1
DA:302,0
DA:303,0
DA:304,0
DA:305,0
DA:306,0
DA:307,0
DA:308,0
DA:321,0
DA:322,0
DA:323,0
DA:324,0
DA:325,0
DA:326,0
DA:327,0
DA:340,1
DA:341,1
DA:342,1
DA:343,1
DA:356,1
DA:357,1
DA:358,1
DA:359,1
DA:372,1
DA:373,1
DA:374,1
DA:375,1
DA:376,1
DA:389,1
DA:390,1
DA:391,1
DA:392,1
DA:393,1
DA:406,1
DA:407,1
DA:408,1
DA:409,1
DA:410,1
DA:423,1
DA:424,1
DA:425,1
DA:426,1
DA:427,1
DA:440,1
DA:441,1
DA:442,1
DA:455,1
DA:456,1
DA:458,1
DA:459,1
DA:460,1
DA:461,1
DA:462,1
DA:463,1
DA:464,1
DA:465,1
DA:466,1
DA:467,0
DA:470,1
DA:471,0
DA:473,1
DA:486,1
DA:487,1
DA:488,1
DA:489,1
DA:490,1
DA:491,1
DA:504,1
DA:505,1
DA:506,1
DA:507,1
DA:508,1
DA:509,1
DA:522,2
DA:523,2
DA:524,2
DA:525,2
DA:526,2
DA:527,2
DA:528,2
DA:541,2
DA:542,2
DA:543,2
DA:544,2
DA:545,2
DA:546,2
DA:547,2
LF:175
LH:159
end_of_record
TN:
SF:/Users/smeya/git/gboxide/core-lib/src/cpu/opcodes/mod.rs
FNF:0
DA:28,3
DA:29,771
DA:30,768
DA:31,768
DA:32,768
DA:33,779
DA:34,11
DA:35,11
DA:36,11
DA:37,11
DA:43,3
DA:44,3
DA:45,3
DA:46,3
DA:47,3
DA:48,3
DA:49,3
DA:50,3
DA:51,3
DA:52,3
DA:53,3
DA:54,3
DA:55,3
DA:56,3
DA:57,3
DA:58,3
DA:59,3
DA:60,3
DA:61,3
DA:62,3
DA:63,3
DA:64,3
DA:65,3
DA:66,3
DA:67,3
DA:68,3
DA:69,3
DA:70,3
DA:71,3
DA:72,3
DA:73,3
DA:74,3
DA:75,3
DA:76,3
DA:77,3
DA:78,3
DA:79,3
DA:80,3
DA:81,3
DA:82,3
DA:83,3
DA:84,3
DA:85,3
DA:86,3
DA:87,3
DA:88,3
DA:89,3
DA:90,3
DA:91,3
DA:92,3
DA:93,3
DA:94,3
DA:95,3
DA:96,3
DA:99,3
DA:100,3
DA:101,3
DA:102,3
DA:103,3
DA:104,3
DA:105,3
DA:106,3
DA:107,3
DA:108,3
DA:109,3
DA:110,3
DA:111,3
DA:112,3
DA:113,3
DA:114,3
DA:115,3
DA:116,3
DA:117,3
DA:118,3
DA:119,3
DA:120,3
DA:121,3
DA:122,3
DA:123,3
DA:124,3
DA:125,3
DA:126,3
DA:127,3
DA:128,3
DA:129,3
DA:130,3
DA:131,3
DA:132,3
DA:133,3
DA:134,3
DA:135,3
DA:136,3
DA:137,3
DA:138,3
DA:139,3
DA:140,3
DA:141,3
DA:142,3
DA:143,3
DA:144,3
DA:145,3
DA:146,3
DA:147,3
DA:148,3
DA:149,3
DA:150,3
DA:151,3
DA:152,3
DA:153,3
DA:154,3
DA:155,3
DA:156,3
DA:157,3
DA:158,3
DA:159,3
DA:160,3
DA:161,3
DA:162,3
DA:163,3
DA:164,3
DA:165,3
DA:166,3
DA:167,3
DA:168,3
DA:169,3
DA:170,3
DA:171,3
DA:172,3
DA:173,3
DA:174,3
DA:175,3
DA:176,3
DA:177,3
DA:178,3
DA:179,3
DA:180,3
DA:181,3
DA:184,3
DA:185,3
DA:186,3
DA:187,3
DA:188,3
DA:189,3
DA:190,3
DA:191,3
DA:192,3
DA:193,3
DA:194,3
DA:195,3
DA:196,3
DA:197,3
DA:198,3
DA:199,3
DA:203,3
DA:204,3
DA:205,3
DA:206,3
DA:209,3
DA:210,3
DA:211,3
DA:212,3
DA:213,3
DA:214,3
DA:215,3
DA:216,3
DA:217,3
DA:218,3
DA:219,3
DA:220,3
DA:221,3
DA:222,3
DA:225,3
DA:226,3
DA:227,3
DA:228,3
DA:231,3
DA:233,3
DA:234,3
DA:235,3
DA:236,3
DA:238,3
DA:239,3
DA:241,3
DA:242,3
DA:244,3
DA:245,3
DA:246,3
DA:247,3
DA:249,3
DA:251,3
DA:253,3
DA:254,3
DA:256,3
DA:257,3
DA:259,3
DA:260,3
DA:261,3
DA:262,3
DA:263,3
DA:264,3
DA:265,3
DA:266,3
DA:269,3
DA:270,3
DA:271,3
DA:272,3
DA:273,12
DA:275,3
DA:276,3
DA:277,3
DA:278,3
DA:279,5
DA:280,2
DA:281,2
DA:282,2
DA:283,2
DA:284,0
DA:286,3
DA:287,1
DA:289,2
DA:290,2
DA:293,3
DA:294,3
DA:295,3
DA:296,3
DA:297,6
DA:298,3
DA:299,3
DA:300,3
DA:301,3
DA:304,3
DA:305,3
DA:306,3
DA:307,3
DA:308,4
DA:309,1
DA:310,1
DA:311,1
DA:312,1
DA:313,1
DA:314,0
DA:316,1
DA:319,3
DA:320,3
DA:321,3
DA:322,3
DA:323,4
DA:324,1
DA:325,1
DA:326,1
DA:327,1
DA:330,3
DA:331,3
DA:332,3
DA:333,3
DA:334,4
DA:335,1
DA:336,1
DA:337,1
DA:338,1
DA:339,1
DA:340,0
DA:342,1
DA:345,3
DA:346,3
DA:347,3
DA:348,3
DA:349,4
DA:350,1
DA:351,1
DA:352,1
DA:353,1
DA:356,3
DA:357,3
DA:358,3
DA:359,3
DA:360,4
DA:361,1
DA:362,1
DA:363,1
DA:364,1
DA:365,1
DA:366,1
DA:367,0
DA:369,1
DA:372,3
DA:373,3
DA:374,3
DA:375,3
DA:376,4
DA:377,1
DA:378,1
DA:379,1
DA:380,1
DA:383,3
DA:384,3
DA:385,3
DA:386,3
DA:387,4
DA:388,1
DA:389,1
DA:390,1
DA:391,1
DA:392,1
DA:393,1
DA:394,0
DA:396,1
DA:399,3
DA:400,3
DA:401,3
DA:402,3
DA:403,4
DA:404,1
DA:405,1
DA:406,1
DA:407,1
DA:410,3
DA:411,3
DA:412,3
DA:413,3
DA:414,4
DA:415,1
DA:416,1
DA:417,1
DA:418,1
DA:419,1
DA:420,2
DA:421,0
DA:423,2
DA:424,0
DA:425,0
DA:427,2
DA:428,1
DA:430,0
DA:432,1
DA:433,2
DA:434,1
DA:436,1
DA:437,1
DA:440,3
DA:441,3
DA:442,3
DA:443,3
DA:444,4
DA:445,1
DA:446,1
DA:447,1
DA:448,1
DA:451,3
DA:452,3
DA:453,3
DA:454,3
DA:455,4
DA:456,1
DA:457,1
DA:458,1
DA:461,3
DA:462,3
DA:463,3
DA:464,3
DA:465,4
DA:466,1
DA:467,1
DA:468,1
DA:469,1
DA:470,1
DA:471,0
DA:473,1
DA:474,0
DA:476,1
DA:477,1
DA:478,1
DA:481,3
DA:482,3
DA:483,3
DA:484,3
DA:485,4
DA:486,1
DA:487,1
DA:488,1
DA:489,1
DA:490,1
DA:491,1
DA:492,0
DA:494,2
DA:495,1
DA:497,1
DA:498,1
DA:499,1
DA:502,3
DA:503,3
DA:504,3
DA:505,3
DA:506,4
DA:507,1
DA:508,1
DA:509,1
DA:510,1
DA:511,1
DA:514,3
DA:515,3
DA:516,3
DA:517,3
DA:518,4
DA:519,1
DA:520,1
DA:521,1
DA:524,3
DA:525,3
DA:526,3
DA:527,3
DA:528,6
DA:529,3
DA:530,3
DA:531,3
DA:532,3
DA:535,3
DA:536,3
DA:537,3
DA:538,3
DA:539,4
DA:540,1
DA:541,1
DA:542,1
DA:543,1
DA:547,3
DA:548,3
DA:549,3
DA:550,3
DA:551,3
DA:552,4
DA:553,1
DA:554,1
DA:555,1
DA:556,1
DA:557,2
DA:558,1
DA:560,1
DA:561,0
DA:563,1
DA:564,0
DA:566,1
DA:567,1
DA:577,6
DA:578,6
DA:579,6
DA:580,6
DA:581,6
DA:582,6
DA:583,12
DA:584,6
DA:586,6
DA:587,0
DA:589,6
DA:590,0
DA:592,6
DA:593,6
DA:598,3
DA:599,3
DA:600,3
DA:601,3
DA:602,3
DA:603,3
DA:611,6
DA:612,6
DA:613,6
DA:614,6
DA:615,6
DA:616,6
DA:617,12
DA:618,6
DA:620,6
DA:621,0
DA:623,6
DA:624,0
DA:626,6
DA:627,6
DA:632,3
DA:633,3
DA:634,3
DA:635,3
DA:636,3
DA:637,3
DA:639,3
DA:640,3
DA:641,3
DA:642,3
DA:643,4
DA:644,1
DA:645,1
DA:646,2
DA:647,1
DA:649,1
DA:653,3
DA:654,3
DA:655,3
DA:656,3
DA:657,4
DA:658,1
DA:659,2
DA:660,1
DA:664,3
DA:665,3
DA:666,3
DA:667,3
DA:668,4
DA:669,1
DA:670,2
DA:671,1
DA:675,3
DA:676,3
DA:677,3
DA:678,3
DA:679,4
DA:680,1
DA:681,1
DA:682,1
DA:683,2
DA:684,1
DA:686,1
DA:687,0
DA:689,1
DA:690,0
DA:692,1
DA:696,3
DA:697,3
DA:698,3
DA:699,3
DA:700,4
DA:701,1
DA:702,1
DA:703,1
DA:704,1
DA:705,1
DA:709,3
DA:710,3
DA:711,3
DA:712,3
DA:713,4
DA:714,1
DA:716,1
DA:717,1
DA:718,1
DA:719,1
DA:720,1
DA:721,1
DA:722,1
DA:723,1
DA:724,1
DA:725,0
DA:728,1
DA:729,0
DA:731,1
DA:736,3
DA:737,3
DA:738,3
DA:739,3
DA:740,4
DA:741,1
DA:742,1
DA:743,1
DA:744,1
DA:745,1
DA:746,2
DA:747,1
DA:749,1
DA:750,0
DA:752,1
DA:753,0
DA:755,1
DA:756,1
DA:760,3
DA:761,3
DA:762,3
DA:763,3
DA:764,4
DA:765,1
DA:766,1
DA:767,1
DA:768,1
DA:769,1
DA:770,2
DA:771,1
DA:773,1
DA:774,0
DA:776,1
DA:777,0
DA:779,1
DA:780,1
DA:784,3
DA:785,3
DA:786,3
DA:787,3
DA:788,4
DA:789,1
DA:790,1
DA:791,1
DA:792,1
DA:793,2
DA:794,1
DA:796,1
DA:797,0
DA:799,1
DA:800,0
DA:802,1
DA:803,1
DA:807,3
DA:808,3
DA:809,3
DA:810,3
DA:811,4
DA:812,1
DA:813,1
DA:814,1
DA:815,1
DA:816,1
DA:817,2
DA:818,1
DA:820,1
DA:821,0
DA:823,1
DA:824,0
DA:826,1
DA:827,1
DA:831,3
DA:832,3
DA:833,3
DA:834,3
DA:835,4
DA:836,1
DA:837,1
DA:838,1
DA:839,1
DA:840,1
DA:841,2
DA:842,1
DA:844,1
DA:845,0
DA:847,1
DA:848,0
DA:850,1
DA:851,1
DA:855,3
LF:653
LH:621
end_of_record
TN:
SF:/Users/smeya/git/gboxide/core-lib/src/helpers.rs
FN:9,unpack_tile_attributes
FN:25,tile_data_address
FN:40,extract_colour_index
FNF:3
FNDA:0,unpack_tile_attributes
FNDA:480,tile_data_address
FNDA:160,extract_colour_index
DA:9,0
DA:10,0
DA:11,0
DA:12,0
DA:13,0
DA:14,0
DA:15,0
DA:25,480
DA:26,480
DA:28,0
DA:30,480
DA:40,160
DA:41,160
LF:13
LH:5
end_of_record
TN:
SF:/Users/smeya/git/gboxide/core-lib/src/interrupts/mod.rs
FN:24,Interrupts::new
FN:29,Interrupts::pending_regardless_of_ime
FN:34,Interrupts::pending
FN:39,Interrupts::get_interrupt
FN:59,Interrupts::schedule_enable_ime
FN:64,Interrupts::update_ime
FN:72,Interrupts::request
FN:77,Interrupts::clear
FN:82,Interrupts::get_vector
FN:94,Interrupts::read_if
FN:100,Interrupts::write_if
FN:106,Interrupts::read_ie
FN:112,Interrupts::write_ie
FN:117,Interrupts::disable_ime
FN:123,Interrupts::set_ie
FN:128,Interrupts::set_if
FN:133,Interrupts::set_ime
FN:138,Interrupts::enable
FNF:18
FNDA:45,Interrupts::new
FNDA:13,Interrupts::pending_regardless_of_ime
FNDA:37,Interrupts::pending
FNDA:32,Interrupts::get_interrupt
FNDA:1,Interrupts::schedule_enable_ime
FNDA:21,Interrupts::update_ime
FNDA:14,Interrupts::request
FNDA:3,Interrupts::clear
FNDA:5,Interrupts::get_vector
FNDA:42,Interrupts::read_if
FNDA:0,Interrupts::write_if
FNDA:0,Interrupts::read_ie
FNDA:5,Interrupts::write_ie
FNDA:0,Interrupts::disable_ime
FNDA:0,Interrupts::set_ie
FNDA:0,Interrupts::set_if
FNDA:3,Interrupts::set_ime
FNDA:1,Interrupts::enable
DA:24,45
DA:25,45
DA:29,13
DA:30,13
DA:34,37
DA:35,48
DA:39,32
DA:40,32
DA:41,27
DA:44,5
DA:45,5
DA:46,3
DA:47,2
DA:48,1
DA:49,1
DA:50,1
DA:51,0
DA:52,0
DA:54,0
DA:59,1
DA:60,1
DA:64,21
DA:65,22
DA:66,1
DA:67,1
DA:72,14
DA:73,14
DA:77,3
DA:78,3
DA:82,5
DA:83,5
DA:84,1
DA:85,1
DA:86,1
DA:87,1
DA:88,1
DA:94,42
DA:95,42
DA:100,0
DA:101,0
DA:106,0
DA:107,0
DA:112,5
DA:113,5
DA:117,0
DA:118,0
DA:119,0
DA:123,0
DA:124,0
DA:128,0
DA:129,0
DA:133,3
DA:134,3
DA:138,1
DA:139,1
LF:55
LH:41
end_of_record
TN:
SF:/Users/smeya/git/gboxide/core-lib/src/mmu/input.rs
FN:28,GameBoyButton::from_index
FN:42,GameBoyButton::to_index
FNF:2
FNDA:0,GameBoyButton::from_index
FNDA:6,GameBoyButton::to_index
DA:28,0
DA:29,0
DA:30,0
DA:31,0
DA:32,0
DA:33,0
DA:34,0
DA:35,0
DA:36,0
DA:37,0
DA:38,0
DA:42,6
DA:43,6
LF:13
LH:2
end_of_record
TN:
SF:/Users/smeya/git/gboxide/core-lib/src/mmu/mbc/mbc1.rs
FN:17,Mbc1::new
FN:34,Mbc1::current_rom_bank
FN:41,Mbc1::current_ram_bank
FN:51,<impl Mbc for Mbc1>::read
FN:81,<impl Mbc for Mbc1>::write
FN:129,<impl Mbc for Mbc1>::rom_bank
FN:132,<impl Mbc for Mbc1>::ram_bank
FN:135,<impl Mbc for Mbc1>::is_ram_enabled
FN:138,<impl Mbc for Mbc1>::save_ram
FN:141,<impl Mbc for Mbc1>::load_ram
FNF:10
FNDA:533,Mbc1::new
FNDA:520,Mbc1::current_rom_bank
FNDA:16,Mbc1::current_ram_bank
FNDA:181,<impl Mbc for Mbc1>::read
FNDA:537,<impl Mbc for Mbc1>::write
FNDA:514,<impl Mbc for Mbc1>::rom_bank
FNDA:0,<impl Mbc for Mbc1>::ram_bank
FNDA:0,<impl Mbc for Mbc1>::is_ram_enabled
FNDA:4,<impl Mbc for Mbc1>::save_ram
FNDA:3,<impl Mbc for Mbc1>::load_ram
DA:17,533
DA:19,533
DA:20,533
DA:22,533
DA:25,533
DA:34,520
DA:35,520
DA:36,520
DA:37,0
DA:39,520
DA:41,16
DA:42,16
DA:43,13
DA:45,3
DA:51,181
DA:52,181
DA:54,181
DA:55,330
DA:56,165
DA:58,0
DA:60,165
DA:61,165
DA:64,16
DA:65,6
DA:66,6
DA:67,6
DA:70,10
DA:71,10
DA:72,2
DA:74,8
DA:75,8
DA:76,8
DA:78,0
DA:81,537
DA:82,537
DA:84,537
DA:85,10
DA:86,10
DA:89,527
DA:90,515
DA:91,515
DA:92,0
DA:94,515
DA:95,515
DA:98,12
DA:99,3
DA:100,4
DA:101,1
DA:103,2
DA:105,3
DA:108,9
DA:109,1
DA:110,1
DA:113,8
DA:114,8
DA:115,0
DA:117,8
DA:118,8
DA:119,8
DA:120,8
DA:121,8
DA:123,0
DA:126,0
DA:129,514
DA:130,514
DA:132,0
DA:133,0
DA:135,0
DA:136,0
DA:138,4
DA:139,4
DA:141,3
DA:142,3
DA:143,0
DA:145,3
DA:146,3
LF:76
LH:64
end_of_record
TN:
SF:/Users/smeya/git/gboxide/core-lib/src/mmu/mbc/mbc2.rs
FN:17,Mbc2::new
FN:28,<impl Mbc for Mbc2>::read
FN:51,<impl Mbc for Mbc2>::write
FN:81,<impl Mbc for Mbc2>::rom_bank
FN:84,<impl Mbc for Mbc2>::ram_bank
FN:87,<impl Mbc for Mbc2>::is_ram_enabled
FN:90,<impl Mbc for Mbc2>::save_ram
FN:93,<impl Mbc for Mbc2>::load_ram
FNF:8
FNDA:514,Mbc2::new
FNDA:514,<impl Mbc for Mbc2>::read
FNDA:1034,<impl Mbc for Mbc2>::write
FNDA:0,<impl Mbc for Mbc2>::rom_bank
FNDA:0,<impl Mbc for Mbc2>::ram_bank
FNDA:0,<impl Mbc for Mbc2>::is_ram_enabled
FNDA:0,<impl Mbc for Mbc2>::save_ram
FNDA:0,<impl Mbc for Mbc2>::load_ram
DA:17,514
DA:20,514
DA:28,514
DA:29,514
DA:31,514
DA:33,514
DA:34,0
DA:35,0
DA:36,0
DA:39,514
DA:40,514
DA:41,0
DA:43,514
DA:44,514
DA:47,0
DA:48,0
DA:51,1034
DA:52,0
DA:54,2066
DA:55,516
DA:56,516
DA:59,518
DA:60,0
DA:61,0
DA:62,0
DA:64,0
DA:65,0
DA:68,518
DA:69,518
DA:70,4
DA:72,514
DA:73,514
DA:74,514
DA:77,0
DA:78,0
DA:81,0
DA:82,0
DA:84,0
DA:85,0
DA:87,0
DA:88,0
DA:90,0
DA:91,0
DA:93,0
DA:94,0
DA:95,0
DA:97,0
DA:98,0
LF:48
LH:21
end_of_record
TN:
SF:/Users/smeya/git/gboxide/core-lib/src/mmu/mbc/mbc3.rs
FN:17,Rtc::new
FN:29,Rtc::tick
FN:65,Rtc::latch
FN:69,Rtc::read_reg
FN:90,Rtc::write_reg
FN:105,Rtc::to_bytes
FN:123,Rtc::from_bytes
FN:167,Mbc3::new
FN:182,Mbc3::rtc_index
FN:191,<impl Mbc for Mbc3>::read
FN:224,<impl Mbc for Mbc3>::write
FN:285,<impl Mbc for Mbc3>::rom_bank
FN:288,<impl Mbc for Mbc3>::ram_bank
FN:291,<impl Mbc for Mbc3>::is_ram_enabled
FN:294,<impl Mbc for Mbc3>::save_ram
FN:299,<impl Mbc for Mbc3>::load_ram
FNF:16
FNDA:12,Rtc::new
FNDA:116,Rtc::tick
FNDA:16,Rtc::latch
FNDA:22,Rtc::read_reg
FNDA:18,Rtc::write_reg
FNDA:2,Rtc::to_bytes
FNDA:2,Rtc::from_bytes
FNDA:12,Mbc3::new
FNDA:140,Mbc3::rtc_index
FNDA:22,<impl Mbc for Mbc3>::read
FNDA:100,<impl Mbc for Mbc3>::write
FNDA:0,<impl Mbc for Mbc3>::rom_bank
FNDA:0,<impl Mbc for Mbc3>::ram_bank
FNDA:0,<impl Mbc for Mbc3>::is_ram_enabled
FNDA:2,<impl Mbc for Mbc3>::save_ram
FNDA:2,<impl Mbc for Mbc3>::load_ram
DA:17,12
DA:25,12
DA:29,116
DA:30,116
DA:31,12
DA:32,12
DA:34,104
DA:35,104
DA:36,104
DA:37,104
DA:38,104
DA:39,104
DA:40,100
DA:42,4
DA:43,14
DA:44,10
DA:45,10
DA:46,2
DA:47,2
DA:48,2
DA:49,0
DA:50,0
DA:51,0
DA:52,0
DA:53,0
DA:54,0
DA:55,0
DA:56,0
DA:65,16
DA:66,16
DA:69,22
DA:70,22
DA:71,10
DA:72,2
DA:73,2
DA:74,2
DA:76,6
DA:77,6
DA:78,8
DA:79,2
DA:81,8
DA:82,2
DA:84,6
DA:86,0
DA:90,18
DA:91,18
DA:92,6
DA:93,2
DA:94,2
DA:95,2
DA:96,6
DA:97,6
DA:98,6
DA:99,6
DA:101,0
DA:105,2
DA:106,2
DA:107,2
DA:108,2
DA:109,2
DA:110,2
DA:111,2
DA:112,2
DA:113,2
DA:114,2
DA:115,2
DA:116,2
DA:117,2
DA:119,2
DA:120,2
DA:123,2
DA:124,2
DA:125,2
DA:126,2
DA:127,2
DA:128,2
DA:129,2
DA:130,2
DA:131,2
DA:132,2
DA:133,2
DA:134,2
DA:139,2
DA:167,12
DA:169,12
DA:170,12
DA:177,12
DA:182,140
DA:183,140
DA:184,216
DA:185,32
DA:191,22
DA:192,22
DA:194,22
DA:196,22
DA:197,0
DA:198,0
DA:199,0
DA:201,0
DA:202,0
DA:205,22
DA:206,22
DA:207,0
DA:209,22
DA:210,22
DA:211,0
DA:212,0
DA:213,0
DA:215,0
DA:218,66
DA:221,0
DA:224,100
DA:226,100
DA:227,286
DA:228,182
DA:229,82
DA:231,100
DA:233,100
DA:234,12
DA:235,12
DA:238,88
DA:239,0
DA:240,0
DA:241,0
DA:243,0
DA:244,0
DA:247,88
DA:248,38
DA:249,38
DA:252,50
DA:254,76
DA:255,16
DA:256,16
DA:258,32
DA:259,32
DA:262,18
DA:263,18
DA:264,0
DA:266,36
DA:270,0
DA:271,0
DA:272,0
DA:273,0
DA:274,0
DA:276,0
DA:279,0
DA:282,0
DA:285,0
DA:286,0
DA:288,0
DA:289,0
DA:291,0
DA:292,0
DA:294,2
DA:295,2
DA:296,2
DA:297,2
DA:299,2
DA:300,2
DA:301,2
DA:303,2
DA:304,2
DA:305,2
DA:306,2
DA:307,0
DA:308,0
DA:309,0
DA:310,0
DA:312,0
LF:169
LH:123
end_of_record
TN:
SF:/Users/smeya/git/gboxide/core-lib/src/mmu/mbc/mbc5.rs
FN:18,Mbc5::new
FN:33,<impl Mbc for Mbc5>::read
FN:55,<impl Mbc for Mbc5>::write
FN:95,<impl Mbc for Mbc5>::rom_bank
FN:98,<impl Mbc for Mbc5>::ram_bank
FN:101,<impl Mbc for Mbc5>::is_ram_enabled
FN:104,<impl Mbc for Mbc5>::save_ram
FN:107,<impl Mbc for Mbc5>::load_ram
FNF:8
FNDA:514,Mbc5::new
FNDA:514,<impl Mbc for Mbc5>::read
FNDA:1546,<impl Mbc for Mbc5>::write
FNDA:2,<impl Mbc for Mbc5>::rom_bank
FNDA:0,<impl Mbc for Mbc5>::ram_bank
FNDA:0,<impl Mbc for Mbc5>::is_ram_enabled
FNDA:0,<impl Mbc for Mbc5>::save_ram
FNDA:0,<impl Mbc for Mbc5>::load_ram
DA:18,514
DA:20,514
DA:33,514
DA:34,514
DA:36,514
DA:38,514
DA:39,0
DA:40,0
DA:41,0
DA:44,514
DA:45,514
DA:46,0
DA:48,514
DA:49,514
DA:50,514
DA:52,0
DA:55,1546
DA:56,1546
DA:58,1546
DA:59,514
DA:60,514
DA:63,1032
DA:64,2
DA:65,2
DA:68,1030
DA:69,2
DA:70,2
DA:73,1028
DA:74,514
DA:76,514
DA:79,514
DA:80,514
DA:81,0
DA:83,514
DA:84,514
DA:85,514
DA:86,514
DA:87,514
DA:89,0
DA:92,0
DA:95,2
DA:96,2
DA:98,0
DA:99,0
DA:101,0
DA:102,0
DA:104,0
DA:105,0
DA:107,0
DA:108,0
DA:109,0
DA:111,0
DA:112,0
LF:53
LH:34
end_of_record
TN:
SF:/Users/smeya/git/gboxide/core-lib/src/mmu/mbc.rs
FN:66,NoMbc::new
FN:76,<impl Mbc for NoMbc>::read
FN:89,<impl Mbc for NoMbc>::write
FN:106,<impl Mbc for NoMbc>::rom_bank
FN:110,<impl Mbc for NoMbc>::ram_bank
FN:114,<impl Mbc for NoMbc>::is_ram_enabled
FN:118,<impl Mbc for NoMbc>::save_ram
FN:122,<impl Mbc for NoMbc>::load_ram
FNF:8
FNDA:22,NoMbc::new
FNDA:40,<impl Mbc for NoMbc>::read
FNDA:2,<impl Mbc for NoMbc>::write
FNDA:0,<impl Mbc for NoMbc>::rom_bank
FNDA:0,<impl Mbc for NoMbc>::ram_bank
FNDA:0,<impl Mbc for NoMbc>::is_ram_enabled
FNDA:0,<impl Mbc for NoMbc>::save_ram
FNDA:0,<impl Mbc for NoMbc>::load_ram
DA:66,22
DA:69,22
DA:76,40
DA:77,40
DA:78,80
DA:79,0
DA:80,0
DA:81,0
DA:83,0
DA:85,0
DA:89,2
DA:90,2
DA:91,2
DA:92,2
DA:93,2
DA:95,0
DA:96,0
DA:97,0
DA:99,0
DA:100,0
DA:102,0
DA:106,0
DA:107,0
DA:110,0
DA:111,0
DA:114,0
DA:115,0
DA:118,0
DA:119,0
DA:122,0
DA:123,0
DA:124,0
DA:126,0
DA:127,0
LF:34
LH:10
end_of_record
TN:
SF:/Users/smeya/git/gboxide/core-lib/src/mmu/mod.rs
FN:28,Joypad::new
FN:36,Joypad::set_button
FN:46,Joypad::read
FN:62,Joypad::write
FN:127,MMU::new
FN:151,MMU::start_dma
FN:159,MMU::process_dma
FN:200,MMU::read
FN:259,MMU::write
FN:335,MMU::step
FN:351,MMU::save_ram
FN:359,MMU::load_ram
FN:364,MMU::update_joypad
FN:375,<impl MemoryBusTrait for MMU>::read
FN:379,<impl MemoryBusTrait for MMU>::write
FN:383,<impl MemoryBusTrait for MMU>::get_interrupt
FN:387,<impl MemoryBusTrait for MMU>::clear_interrupt
FN:391,<impl MemoryBusTrait for MMU>::get_interrupt_vector
FN:395,<impl MemoryBusTrait for MMU>::as_any
FN:399,<impl MemoryBusTrait for MMU>::interrupts_mut
FNF:20
FNDA:36,Joypad::new
FNDA:6,Joypad::set_button
FNDA:0,Joypad::read
FNDA:2,Joypad::write
FNDA:41,MMU::new
FNDA:6,MMU::start_dma
FNDA:57,MMU::process_dma
FNDA:749,MMU::read
FNDA:696,MMU::write
FNDA:57,MMU::step
FNDA:2,MMU::save_ram
FNDA:1,MMU::load_ram
FNDA:6,MMU::update_joypad
FNDA:33,<impl MemoryBusTrait for MMU>::read
FNDA:1,<impl MemoryBusTrait for MMU>::write
FNDA:21,<impl MemoryBusTrait for MMU>::get_interrupt
FNDA:0,<impl MemoryBusTrait for MMU>::clear_interrupt
FNDA:0,<impl MemoryBusTrait for MMU>::get_interrupt_vector
FNDA:0,<impl MemoryBusTrait for MMU>::as_any
FNDA:20,<impl MemoryBusTrait for MMU>::interrupts_mut
DA:28,36
DA:36,6
DA:37,6
DA:38,8
DA:39,2
DA:41,4
DA:46,0
DA:49,0
DA:50,0
DA:52,0
DA:54,0
DA:56,0
DA:58,0
DA:62,2
DA:63,2
DA:127,41
DA:128,82
DA:129,36
DA:151,6
DA:152,6
DA:153,6
DA:154,6
DA:155,6
DA:159,57
DA:160,62
DA:161,52
DA:165,5
DA:166,5
DA:167,800
DA:168,1600
DA:169,1440
DA:170,800
DA:171,960
DA:172,0
DA:173,0
DA:174,0
DA:175,0
DA:177,0
DA:178,0
DA:179,0
DA:183,0
DA:185,800
DA:186,800
DA:189,800
DA:190,5
DA:191,5
DA:192,5
DA:200,749
DA:202,751
DA:203,0
DA:206,749
DA:208,1504
DA:210,696
DA:211,0
DA:212,2
DA:215,695
DA:217,690
DA:219,688
DA:220,641
DA:221,0
DA:223,641
DA:224,0
DA:225,641
DA:230,47
DA:232,47
DA:233,45
DA:234,0
DA:235,0
DA:236,0
DA:237,42
DA:239,4
DA:241,1
DA:243,0
DA:245,0
DA:249,4
DA:251,0
DA:259,696
DA:261,696
DA:262,0
DA:265,696
DA:267,1232
DA:269,677
DA:270,332
DA:271,166
DA:275,995
DA:276,484
DA:279,27
DA:280,0
DA:283,27
DA:284,9
DA:285,9
DA:286,1
DA:288,1
DA:292,18
DA:294,18
DA:295,16
DA:296,2
DA:297,2
DA:299,0
DA:300,0
DA:302,0
DA:303,0
DA:306,0
DA:307,0
DA:310,4
DA:311,2
DA:314,6
DA:316,12
DA:317,6
DA:320,0
DA:321,0
DA:326,4
DA:327,2
DA:330,0
DA:332,696
DA:335,57
DA:336,57
DA:339,114
DA:340,4
DA:341,2
DA:342,2
DA:346,57
DA:351,2
DA:352,2
DA:359,1
DA:360,1
DA:364,6
DA:365,6
DA:366,6
DA:368,8
DA:369,2
DA:375,33
DA:376,33
DA:379,1
DA:380,1
DA:383,21
DA:384,21
DA:387,0
DA:388,0
DA:391,0
DA:392,0
DA:395,0
DA:396,0
DA:399,20
DA:400,20
LF:145
LH:103
end_of_record
TN:
SF:/Users/smeya/git/gboxide/core-lib/src/ppu/color.rs
FN:55,Color::new
FN:66,Color::from_palette
FN:73,Color::to_rgba32
FN:78,Color::from_rgba32
FNF:4
FNDA:0,Color::new
FNDA:484,Color::from_palette
FNDA:0,Color::to_rgba32
FNDA:0,Color::from_rgba32
DA:55,0
DA:66,484
DA:67,484
DA:68,484
DA:69,484
DA:73,0
DA:74,0
DA:78,0
DA:80,0
DA:81,0
DA:82,0
DA:83,0
LF:12
LH:4
end_of_record
TN:
SF:/Users/smeya/git/gboxide/core-lib/src/ppu/helpers.rs
FN:7,collect_visible_sprites
FN:28,sprite_pixel_for_x
FN:110,cgb_bg_color
FN:128,cgb_obj_color
FN:144,set_bg_priority
FN:162,get_bg_priority
FNF:6
FNDA:0,collect_visible_sprites
FNDA:0,sprite_pixel_for_x
FNDA:0,cgb_bg_color
FNDA:0,cgb_obj_color
FNDA:0,set_bg_priority
FNDA:0,get_bg_priority
DA:7,0
DA:11,0
DA:12,0
DA:13,0
DA:14,0
DA:15,0
DA:17,0
DA:18,0
DA:19,0
DA:20,0
DA:21,0
DA:24,0
DA:28,0
DA:35,0
DA:36,0
DA:37,0
DA:39,0
DA:40,0
DA:41,0
DA:44,0
DA:45,0
DA:46,0
DA:47,0
DA:48,0
DA:51,0
DA:52,0
DA:53,0
DA:54,0
DA:55,0
DA:57,0
DA:59,0
DA:60,0
DA:62,0
DA:64,0
DA:65,0
DA:67,0
DA:69,0
DA:70,0
DA:71,0
DA:72,0
DA:73,0
DA:75,0
DA:77,0
DA:78,0
DA:79,0
DA:82,0
DA:84,0
DA:85,0
DA:87,0
DA:100,0
DA:110,0
DA:111,0
DA:112,0
DA:113,0
DA:114,0
DA:115,0
DA:116,0
DA:117,0
DA:128,0
DA:129,0
DA:130,0
DA:131,0
DA:132,0
DA:133,0
DA:134,0
DA:135,0
DA:144,0
DA:145,0
DA:146,0
DA:147,0
DA:148,0
DA:149,0
DA:151,0
DA:162,0
DA:163,0
DA:164,0
DA:165,0
LF:77
LH:0
end_of_record
TN:
SF:/Users/smeya/git/gboxide/core-lib/src/ppu/mod.rs
FN:70,PpuMode::from_mode
FN:80,PpuMode::duration
FNF:2
FNDA:0,PpuMode::from_mode
FNDA:75,PpuMode::duration
DA:70,0
DA:71,0
DA:72,0
DA:73,0
DA:74,0
DA:75,0
DA:80,75
DA:81,75
DA:82,60
DA:83,6
DA:84,9
DA:85,0
LF:12
LH:5
end_of_record
TN:
SF:/Users/smeya/git/gboxide/core-lib/src/ppu/ppu.rs
FN:39,Sprite::from_oam
FN:52,Sprite::has_priority
FN:57,Sprite::is_x_flipped
FN:62,Sprite::is_y_flipped
FN:67,Sprite::palette
FN:77,Sprite::y_position
FN:82,Sprite::x_position
FN:127,<impl Default for Ppu>::default
FN:161,Ppu::new
FN:166,Ppu::is_lcd_enabled
FN:171,Ppu::set_mode
FN:179,Ppu::check_stat_interrupt
FN:189,Ppu::check_lyc_interrupt
FN:194,Ppu::update_lyc_flag
FN:203,Ppu::reset
FN:208,Ppu::reset_window_counter
FN:216,Ppu::render_window
FN:323,Ppu::step
FN:421,Ppu::render_scanline
FN:452,Ppu::render_background
FN:541,Ppu::render_sprites
FN:589,Ppu::read
FN:647,Ppu::write
FN:773,Ppu::get_frame_buffer
FN:778,Ppu::clear_frame_ready
FN:783,Ppu::is_frame_ready
FN:788,Ppu::get_mode
FN:793,Ppu::dma_write
FNF:28
FNDA:1,Sprite::from_oam
FNDA:1,Sprite::has_priority
FNDA:1,Sprite::is_x_flipped
FNDA:1,Sprite::is_y_flipped
FNDA:1,Sprite::palette
FNDA:1,Sprite::y_position
FNDA:1,Sprite::x_position
FNDA:46,<impl Default for Ppu>::default
FNDA:46,Ppu::new
FNDA:65,Ppu::is_lcd_enabled
FNDA:20,Ppu::set_mode
FNDA:7,Ppu::check_stat_interrupt
FNDA:6,Ppu::check_lyc_interrupt
FNDA:6,Ppu::update_lyc_flag
FNDA:0,Ppu::reset
FNDA:0,Ppu::reset_window_counter
FNDA:0,Ppu::render_window
FNDA:62,Ppu::step
FNDA:3,Ppu::render_scanline
FNDA:3,Ppu::render_background
FNDA:0,Ppu::render_sprites
FNDA:9,Ppu::read
FNDA:11,Ppu::write
FNDA:2,Ppu::get_frame_buffer
FNDA:0,Ppu::clear_frame_ready
FNDA:0,Ppu::is_frame_ready
FNDA:819,Ppu::get_mode
FNDA:1,Ppu::dma_write
DA:39,1
DA:40,1
DA:42,1
DA:43,1
DA:44,1
DA:45,1
DA:52,1
DA:53,1
DA:57,1
DA:58,1
DA:62,1
DA:63,1
DA:67,1
DA:68,1
DA:70,1
DA:72,0
DA:77,1
DA:78,1
DA:82,1
DA:83,1
DA:127,46
DA:129,46
DA:130,46
DA:131,46
DA:132,46
DA:145,46
DA:149,46
DA:151,46
DA:153,46
DA:161,46
DA:162,46
DA:166,65
DA:167,65
DA:171,20
DA:172,20
DA:174,20
DA:175,20
DA:179,7
DA:180,7
DA:181,3
DA:182,1
DA:183,3
DA:184,0
DA:189,6
DA:190,7
DA:194,6
DA:195,7
DA:196,1
DA:198,5
DA:203,0
DA:204,0
DA:208,0
DA:209,0
DA:216,0
DA:218,0
DA:219,0
DA:224,0
DA:226,0
DA:231,0
DA:233,0
DA:249,0
DA:251,0
DA:253,0
DA:254,0
DA:255,0
DA:256,0
DA:259,0
DA:260,0
DA:264,0
DA:265,0
DA:266,0
DA:267,0
DA:270,0
DA:272,0
DA:276,0
DA:279,0
DA:280,0
DA:282,0
DA:285,0
DA:286,0
DA:288,0
DA:291,0
DA:292,0
DA:293,0
DA:294,0
DA:296,0
DA:297,0
DA:299,0
DA:302,0
DA:304,0
DA:305,0
DA:307,0
DA:309,0
DA:311,0
DA:312,0
DA:323,62
DA:324,62
DA:326,0
DA:329,62
DA:330,62
DA:333,62
DA:335,60
DA:337,6
DA:338,6
DA:342,3
DA:344,3
DA:347,3
DA:348,3
DA:351,3
DA:352,0
DA:357,5
DA:358,4
DA:359,4
DA:362,4
DA:363,0
DA:366,4
DA:368,4
DA:370,1
DA:371,1
DA:372,1
DA:375,1
DA:376,0
DA:380,3
DA:383,3
DA:384,0
DA:390,0
DA:391,0
DA:392,0
DA:395,0
DA:396,0
DA:399,0
DA:401,0
DA:403,0
DA:404,0
DA:405,0
DA:406,0
DA:409,0
DA:410,0
DA:417,62
DA:421,3
DA:422,3
DA:424,0
DA:425,0
DA:426,0
DA:427,0
DA:431,3
DA:432,3
DA:435,3
DA:436,0
DA:440,0
DA:441,0
DA:442,0
DA:446,3
DA:447,0
DA:452,3
DA:454,6
DA:455,0
DA:457,3
DA:461,6
DA:462,3
DA:464,0
DA:466,3
DA:469,3
DA:470,3
DA:471,3
DA:474,3
DA:476,963
DA:488,0
DA:489,0
DA:490,0
DA:493,0
DA:495,480
DA:502,0
DA:503,0
DA:505,480
DA:508,0
DA:509,0
DA:511,480
DA:519,0
DA:520,0
DA:522,480
DA:528,0
DA:530,480
DA:534,0
DA:535,0
DA:541,0
DA:542,0
DA:543,0
DA:546,0
DA:547,0
DA:549,0
DA:552,0
DA:553,0
DA:554,0
DA:561,0
DA:563,0
DA:568,0
DA:569,0
DA:570,0
DA:572,0
DA:573,0
DA:577,0
DA:578,0
DA:589,9
DA:590,9
DA:592,9
DA:594,2
DA:595,1
DA:597,1
DA:603,7
DA:605,4
DA:606,1
DA:608,1
DA:612,1
DA:615,0
DA:616,0
DA:617,0
DA:618,0
DA:620,1
DA:621,1
DA:622,2
DA:623,0
DA:624,0
DA:625,0
DA:626,0
DA:627,0
DA:628,0
DA:631,0
DA:632,0
DA:633,0
DA:634,0
DA:635,0
DA:638,0
DA:647,11
DA:648,11
DA:650,11
DA:652,2
DA:653,1
DA:655,1
DA:662,9
DA:664,4
DA:665,1
DA:667,1
DA:668,1
DA:673,5
DA:674,5
DA:677,5
DA:678,10
DA:680,1
DA:681,1
DA:682,1
DA:683,7
DA:685,1
DA:692,0
DA:693,0
DA:694,0
DA:695,0
DA:698,1
DA:699,1
DA:702,1
DA:703,1
DA:707,0
DA:710,0
DA:711,0
DA:712,0
DA:715,0
DA:716,0
DA:719,0
DA:720,0
DA:723,0
DA:724,0
DA:727,0
DA:728,0
DA:731,0
DA:732,0
DA:737,0
DA:738,0
DA:741,0
DA:742,0
DA:745,0
DA:746,0
DA:747,0
DA:748,0
DA:749,0
DA:751,0
DA:754,0
DA:755,0
DA:758,0
DA:759,0
DA:760,0
DA:761,0
DA:762,0
DA:764,0
DA:768,0
DA:773,2
DA:774,2
DA:778,0
DA:779,0
DA:783,0
DA:784,0
DA:788,819
DA:789,819
DA:793,1
DA:795,1
LF:304
LH:139
end_of_record
TN:
SF:/Users/smeya/git/gboxide/core-lib/src/timer/mod.rs
FN:104,<impl Default for Timer>::default
FNF:1
FNDA:0,<impl Default for Timer>::default
DA:104,0
DA:105,0
DA:165,3733
DA:166,3733
DA:167,775
DA:169,2958
DA:170,2958
DA:519,257
DA:520,257
DA:525,783
DA:526,1045
DA:528,262
DA:530,521
DA:531,521
DA:539,0
DA:540,0
LF:16
LH:12
end_of_record
TN:
SF:/Users/smeya/git/gboxide/core-lib/tests/mbc.rs
FN:9,dummy_rom
FNF:1
FNDA:779,dummy_rom
DA:9,779
DA:11,779
DA:12,2387346966
LF:3
LH:3
end_of_record
