TN:
SF:/Users/smeya/git/gboxide/cli/src/main.rs
FN:64,EmulatorApp::map_key
FN:84,<impl ApplicationHandler for EmulatorApp>::resumed
FN:93,<impl ApplicationHandler for EmulatorApp>::window_event
FN:112,<impl ApplicationHandler for EmulatorApp>::about_to_wait
FN:138,run_rom_headless
FN:155,run_rom
FN:191,run_test_rom
FN:271,main
FN:282,real_main
FNF:9
FNDA:12,EmulatorApp::map_key
FNDA:0,<impl ApplicationHandler for EmulatorApp>::resumed
FNDA:0,<impl ApplicationHandler for EmulatorApp>::window_event
FNDA:0,<impl ApplicationHandler for EmulatorApp>::about_to_wait
FNDA:0,run_rom_headless
FNDA:7,run_rom
FNDA:7,run_test_rom
FNDA:15,main
FNDA:15,real_main
DA:64,12
DA:65,7
DA:66,1
DA:67,1
DA:68,1
DA:69,1
DA:70,7
DA:71,2
DA:73,5
DA:74,2
DA:76,1
DA:77,1
DA:78,2
DA:84,0
DA:85,0
DA:86,0
DA:87,0
DA:88,0
DA:90,0
DA:93,0
DA:99,0
DA:100,0
DA:101,0
DA:103,0
DA:104,0
DA:109,0
DA:112,0
DA:113,0
DA:114,0
DA:115,0
DA:117,0
DA:118,0
DA:119,0
DA:120,0
DA:122,0
DA:123,0
DA:124,0
DA:125,0
DA:126,0
DA:127,0
DA:130,0
DA:132,0
DA:138,0
DA:139,0
DA:140,0
DA:141,0
DA:143,0
DA:145,0
DA:146,0
DA:147,0
DA:148,0
DA:149,0
DA:155,7
DA:162,7
DA:163,6
DA:165,2
DA:166,2
DA:168,1
DA:172,0
DA:173,0
DA:176,0
DA:191,7
DA:198,7
DA:199,6
DA:201,2
DA:202,2
DA:204,1
DA:213,0
DA:214,0
DA:215,0
DA:216,0
DA:217,0
DA:218,0
DA:221,0
DA:223,0
DA:224,0
DA:226,0
DA:228,0
DA:229,0
DA:230,0
DA:231,0
DA:232,0
DA:234,0
DA:235,0
DA:236,0
DA:243,0
DA:244,0
DA:245,0
DA:246,0
DA:247,0
DA:248,0
DA:252,0
DA:253,0
DA:255,0
DA:260,0
DA:261,0
DA:263,0
DA:264,0
DA:271,15
DA:272,30
DA:273,7
DA:274,8
DA:275,8
DA:276,8
DA:279,15
DA:282,15
DA:283,15
DA:285,17
DA:287,2
DA:289,17
DA:291,2
DA:293,15
DA:294,13
DA:295,13
DA:296,4
DA:297,0
DA:299,15
DA:300,7
DA:303,2
DA:304,4
DA:305,0
LF:121
LH:46
end_of_record
TN:
SF:/Users/smeya/git/gboxide/core-lib/src/apu/channel1.rs
FN:10,Nr10::sweep_time
FN:13,Nr10::set_sweep_time
FN:16,Nr10::sweep_increase
FN:19,Nr10::set_sweep_increase
FN:26,Nr10::sweep_shift
FN:29,Nr10::set_sweep_shift
FN:41,Nr11::duty
FN:44,Nr11::set_duty
FN:47,Nr11::length
FN:50,Nr11::set_length
FN:62,Nr12::initial_volume
FN:65,Nr12::set_initial_volume
FN:68,Nr12::envelope_direction
FN:71,Nr12::set_envelope_direction
FN:78,Nr12::envelope_period
FN:81,Nr12::set_envelope_period
FN:93,Nr14::trigger
FN:96,Nr14::set_trigger
FN:103,Nr14::length_enable
FN:106,Nr14::set_length_enable
FN:113,Nr14::freq_high
FN:116,Nr14::set_freq_high
FN:135,Channel1::read_reg
FN:148,Channel1::write_reg
FNF:24
FNDA:1,Nr10::sweep_time
FNDA:1,Nr10::set_sweep_time
FNDA:1,Nr10::sweep_increase
FNDA:1,Nr10::set_sweep_increase
FNDA:1,Nr10::sweep_shift
FNDA:1,Nr10::set_sweep_shift
FNDA:1,Nr11::duty
FNDA:1,Nr11::set_duty
FNDA:1,Nr11::length
FNDA:1,Nr11::set_length
FNDA:1,Nr12::initial_volume
FNDA:1,Nr12::set_initial_volume
FNDA:1,Nr12::envelope_direction
FNDA:1,Nr12::set_envelope_direction
FNDA:1,Nr12::envelope_period
FNDA:1,Nr12::set_envelope_period
FNDA:1,Nr14::trigger
FNDA:1,Nr14::set_trigger
FNDA:1,Nr14::length_enable
FNDA:1,Nr14::set_length_enable
FNDA:1,Nr14::freq_high
FNDA:1,Nr14::set_freq_high
FNDA:5,Channel1::read_reg
FNDA:5,Channel1::write_reg
DA:10,1
DA:11,1
DA:13,1
DA:14,1
DA:16,1
DA:17,1
DA:19,1
DA:20,2
DA:21,1
DA:23,0
DA:26,1
DA:27,1
DA:29,1
DA:30,1
DA:41,1
DA:42,1
DA:44,1
DA:45,1
DA:47,1
DA:48,1
DA:50,1
DA:51,1
DA:62,1
DA:63,1
DA:65,1
DA:66,1
DA:68,1
DA:69,1
DA:71,1
DA:72,2
DA:73,1
DA:75,0
DA:78,1
DA:79,1
DA:81,1
DA:82,1
DA:93,1
DA:94,1
DA:96,1
DA:97,2
DA:98,1
DA:100,0
DA:103,1
DA:104,1
DA:106,1
DA:107,2
DA:108,1
DA:110,0
DA:113,1
DA:114,1
DA:116,1
DA:117,1
DA:135,5
DA:136,5
DA:137,1
DA:138,1
DA:139,1
DA:140,1
DA:141,1
DA:142,0
DA:148,5
DA:149,5
DA:150,1
DA:151,1
DA:152,1
DA:153,1
DA:154,1
DA:155,0
LF:68
LH:62
end_of_record
TN:
SF:/Users/smeya/git/gboxide/core-lib/src/apu/channel2.rs
FN:12,Nr21::duty
FN:15,Nr21::set_duty
FN:18,Nr21::length
FN:21,Nr21::set_length
FN:24,Nr21::read_reg
FN:27,Nr21::write_reg
FN:39,Nr24::trigger
FN:42,Nr24::set_trigger
FN:49,Nr24::length_enable
FN:52,Nr24::set_length_enable
FN:59,Nr24::freq_high
FN:62,Nr24::set_freq_high
FN:65,Nr24::read_reg
FN:68,Nr24::write_reg
FN:86,Channel2::read_reg
FN:96,Channel2::write_reg
FNF:16
FNDA:257,Nr21::duty
FNDA:256,Nr21::set_duty
FNDA:257,Nr21::length
FNDA:256,Nr21::set_length
FNDA:261,Nr21::read_reg
FNDA:2,Nr21::write_reg
FNDA:3,Nr24::trigger
FNDA:2,Nr24::set_trigger
FNDA:3,Nr24::length_enable
FNDA:2,Nr24::set_length_enable
FNDA:9,Nr24::freq_high
FNDA:8,Nr24::set_freq_high
FNDA:4,Nr24::read_reg
FNDA:2,Nr24::write_reg
FNDA:11,Channel2::read_reg
FNDA:6,Channel2::write_reg
DA:12,257
DA:13,257
DA:15,256
DA:16,256
DA:18,257
DA:19,257
DA:21,256
DA:22,256
DA:24,261
DA:25,261
DA:27,2
DA:28,2
DA:39,3
DA:40,3
DA:42,2
DA:43,3
DA:44,1
DA:46,1
DA:49,3
DA:50,3
DA:52,2
DA:53,3
DA:54,1
DA:56,1
DA:59,9
DA:60,9
DA:62,8
DA:63,8
DA:65,4
DA:66,4
DA:68,2
DA:69,2
DA:86,11
DA:87,11
DA:88,2
DA:89,2
DA:90,2
DA:91,2
DA:92,3
DA:96,6
DA:97,6
DA:98,1
DA:99,1
DA:100,1
DA:101,1
DA:102,2
LF:46
LH:46
end_of_record
TN:
SF:/Users/smeya/git/gboxide/core-lib/src/apu/channel3.rs
FN:13,Nr30::sound_on
FN:16,Nr30::read_reg
FN:20,Nr30::write_reg
FN:31,Nr31::length
FN:34,Nr31::read_reg
FN:38,Nr31::write_reg
FN:49,Nr32::output_level
FN:52,Nr32::read_reg
FN:56,Nr32::write_reg
FN:67,Nr33::freq_lo
FN:70,Nr33::read_reg
FN:74,Nr33::write_reg
FN:87,Nr34::trigger
FN:90,Nr34::length_enable
FN:93,Nr34::freq_high
FN:96,Nr34::read_reg
FN:100,Nr34::write_reg
FN:127,<impl Default for Channel3>::default
FN:143,Channel3::read_reg
FN:154,Channel3::write_reg
FN:165,Channel3::read_wave_ram
FN:169,Channel3::write_wave_ram
FN:175,Channel3::trigger
FN:188,Channel3::is_enabled
FN:192,Channel3::length_enable
FNF:25
FNDA:2,Nr30::sound_on
FNDA:4,Nr30::read_reg
FNDA:5,Nr30::write_reg
FNDA:1,Nr31::length
FNDA:2,Nr31::read_reg
FNDA:2,Nr31::write_reg
FNDA:1,Nr32::output_level
FNDA:3,Nr32::read_reg
FNDA:3,Nr32::write_reg
FNDA:1,Nr33::freq_lo
FNDA:2,Nr33::read_reg
FNDA:2,Nr33::write_reg
FNDA:1,Nr34::trigger
FNDA:5,Nr34::length_enable
FNDA:1,Nr34::freq_high
FNDA:3,Nr34::read_reg
FNDA:4,Nr34::write_reg
FNDA:8,<impl Default for Channel3>::default
FNDA:10,Channel3::read_reg
FNDA:9,Channel3::write_reg
FNDA:50,Channel3::read_wave_ram
FNDA:48,Channel3::write_wave_ram
FNDA:0,Channel3::trigger
FNDA:0,Channel3::is_enabled
FNDA:0,Channel3::length_enable
DA:13,2
DA:14,2
DA:16,4
DA:17,4
DA:20,5
DA:21,5
DA:31,1
DA:32,1
DA:34,2
DA:35,2
DA:38,2
DA:39,2
DA:49,1
DA:50,1
DA:52,3
DA:53,3
DA:56,3
DA:57,3
DA:67,1
DA:68,1
DA:70,2
DA:71,2
DA:74,2
DA:75,2
DA:87,1
DA:88,1
DA:90,5
DA:91,5
DA:93,1
DA:94,1
DA:96,3
DA:97,3
DA:100,4
DA:101,4
DA:127,8
DA:129,8
DA:130,8
DA:131,8
DA:132,8
DA:133,8
DA:134,8
DA:143,10
DA:144,10
DA:145,3
DA:146,1
DA:147,2
DA:148,1
DA:149,2
DA:150,1
DA:154,9
DA:155,9
DA:156,3
DA:157,1
DA:158,2
DA:159,1
DA:160,2
DA:161,0
DA:165,50
DA:166,50
DA:169,48
DA:170,96
DA:171,48
DA:175,0
DA:176,0
DA:177,0
DA:179,0
DA:180,0
DA:181,0
DA:182,0
DA:184,0
DA:188,0
DA:189,0
DA:192,0
DA:193,0
LF:74
LH:61
end_of_record
TN:
SF:/Users/smeya/git/gboxide/core-lib/src/apu/channel4.rs
FN:15,Nr41::length
FN:18,Nr41::read_reg
FN:21,Nr41::write_reg
FN:37,Nr43::shift_clock_freq
FN:40,Nr43::counter_step_width
FN:43,Nr43::dividing_ratio
FN:46,Nr43::read_reg
FN:49,Nr43::write_reg
FN:61,Nr44::trigger
FN:64,Nr44::length_enable
FN:67,Nr44::read_reg
FN:70,Nr44::write_reg
FN:103,<impl Default for Channel4>::default
FN:122,Channel4::read_reg
FN:132,Channel4::write_reg
FN:142,Channel4::trigger
FN:151,Channel4::clock_lfsr
FNF:17
FNDA:1,Nr41::length
FNDA:2,Nr41::read_reg
FNDA:2,Nr41::write_reg
FNDA:1,Nr43::shift_clock_freq
FNDA:1,Nr43::counter_step_width
FNDA:1,Nr43::dividing_ratio
FNDA:3,Nr43::read_reg
FNDA:3,Nr43::write_reg
FNDA:1,Nr44::trigger
FNDA:1,Nr44::length_enable
FNDA:3,Nr44::read_reg
FNDA:4,Nr44::write_reg
FNDA:7,<impl Default for Channel4>::default
FNDA:9,Channel4::read_reg
FNDA:8,Channel4::write_reg
FNDA:0,Channel4::trigger
FNDA:0,Channel4::clock_lfsr
DA:15,1
DA:16,1
DA:18,2
DA:19,2
DA:21,2
DA:22,2
DA:37,1
DA:38,1
DA:40,1
DA:41,1
DA:43,1
DA:44,1
DA:46,3
DA:47,3
DA:49,3
DA:50,3
DA:61,1
DA:62,1
DA:64,1
DA:65,1
DA:67,3
DA:68,3
DA:70,4
DA:71,4
DA:103,7
DA:105,7
DA:106,7
DA:107,7
DA:108,7
DA:122,9
DA:123,9
DA:124,1
DA:125,3
DA:126,2
DA:127,2
DA:128,1
DA:132,8
DA:133,8
DA:134,1
DA:135,3
DA:136,2
DA:137,2
DA:138,0
DA:142,0
DA:143,0
DA:144,0
DA:145,0
DA:146,0
DA:147,0
DA:151,0
DA:153,0
DA:155,0
DA:157,0
DA:159,0
DA:161,0
DA:164,0
LF:56
LH:42
end_of_record
TN:
SF:/Users/smeya/git/gboxide/core-lib/src/apu/envelope.rs
FN:14,Envelope::new
FN:22,Envelope::read_reg
FN:26,Envelope::write_reg
FNF:3
FNDA:1,Envelope::new
FNDA:4,Envelope::read_reg
FNDA:5,Envelope::write_reg
DA:14,1
DA:22,4
DA:23,4
DA:26,5
DA:27,5
DA:28,5
DA:29,5
LF:7
LH:7
end_of_record
TN:
SF:/Users/smeya/git/gboxide/core-lib/src/apu/mod.rs
FN:99,<impl Default for Channel1>::default
FN:124,Nr10::read_reg
FN:128,Nr10::write_reg
FN:142,Nr11::read_reg
FN:146,Nr11::write_reg
FN:160,Nr12::read_reg
FN:164,Nr12::write_reg
FN:178,Nr14::read_reg
FN:182,Nr14::write_reg
FN:189,Channel1::read_reg
FN:200,Channel1::write_reg
FN:222,Channel1::trigger
FN:270,Channel1::tick_length
FN:280,Channel1::tick_envelope
FN:300,Channel1::tick_sweep
FN:319,Envelope::new
FN:327,Envelope::read_reg
FN:331,Envelope::write_reg
FN:359,<impl Default for Channel2>::default
FN:381,Nr21::read_reg
FN:385,Nr21::write_reg
FN:398,Nr24::read_reg
FN:402,Nr24::write_reg
FN:409,Channel2::read_reg
FN:419,Channel2::write_reg
FN:430,Channel2::tick_length
FN:440,Channel2::tick_envelope
FN:478,FrameSequencer::tick
FN:500,Apu::tick
FN:533,Apu::read
FN:566,Apu::write
FN:598,Channel3::tick_length
FN:610,Channel4::tick_length
FN:619,Channel4::tick_envelope
FNF:34
FNDA:7,<impl Default for Channel1>::default
FNDA:3,Nr10::read_reg
FNDA:2,Nr10::write_reg
FNDA:1,Nr11::read_reg
FNDA:2,Nr11::write_reg
FNDA:1,Nr12::read_reg
FNDA:2,Nr12::write_reg
FNDA:1,Nr14::read_reg
FNDA:3,Nr14::write_reg
FNDA:5,Channel1::read_reg
FNDA:5,Channel1::write_reg
FNDA:2,Channel1::trigger
FNDA:5,Channel1::tick_length
FNDA:1,Channel1::tick_envelope
FNDA:2,Channel1::tick_sweep
FNDA:14,Envelope::new
FNDA:4,Envelope::read_reg
FNDA:5,Envelope::write_reg
FNDA:7,<impl Default for Channel2>::default
FNDA:1,Nr21::read_reg
FNDA:1,Nr21::write_reg
FNDA:0,Nr24::read_reg
FNDA:2,Nr24::write_reg
FNDA:1,Channel2::read_reg
FNDA:1,Channel2::write_reg
FNDA:6,Channel2::tick_length
FNDA:3,Channel2::tick_envelope
FNDA:24,FrameSequencer::tick
FNDA:8,Apu::tick
FNDA:60,Apu::read
FNDA:57,Apu::write
FNDA:4,Channel3::tick_length
FNDA:4,Channel4::tick_length
FNDA:1,Channel4::tick_envelope
DA:99,7
DA:101,7
DA:102,7
DA:103,7
DA:105,7
DA:109,7
DA:124,3
DA:125,3
DA:128,2
DA:129,2
DA:142,1
DA:143,1
DA:146,2
DA:147,2
DA:160,1
DA:161,1
DA:164,2
DA:165,2
DA:178,1
DA:179,1
DA:182,3
DA:183,3
DA:189,5
DA:190,5
DA:191,2
DA:192,1
DA:193,1
DA:194,0
DA:195,1
DA:196,0
DA:200,5
DA:201,5
DA:202,2
DA:203,1
DA:204,1
DA:205,0
DA:207,1
DA:208,2
DA:209,1
DA:212,0
DA:222,2
DA:224,2
DA:226,2
DA:227,2
DA:228,2
DA:229,4
DA:233,2
DA:235,2
DA:236,4
DA:239,2
DA:241,2
DA:243,2
DA:244,2
DA:245,1
DA:247,1
DA:250,2
DA:251,2
DA:253,3
DA:255,2
DA:256,1
DA:257,2
DA:258,1
DA:260,0
DA:262,1
DA:263,0
DA:270,5
DA:271,10
DA:272,3
DA:273,5
DA:274,2
DA:280,1
DA:281,1
DA:282,1
DA:283,0
DA:284,0
DA:286,0
DA:287,0
DA:289,0
DA:291,0
DA:292,0
DA:294,0
DA:300,2
DA:301,2
DA:303,2
DA:304,0
DA:319,14
DA:327,4
DA:328,12
DA:331,5
DA:332,5
DA:333,5
DA:334,5
DA:359,7
DA:361,7
DA:362,7
DA:364,7
DA:381,1
DA:382,1
DA:385,1
DA:386,1
DA:398,0
DA:399,0
DA:402,2
DA:403,2
DA:409,1
DA:410,1
DA:411,1
DA:412,0
DA:413,0
DA:414,0
DA:415,0
DA:419,1
DA:420,1
DA:421,1
DA:422,0
DA:423,0
DA:424,0
DA:425,0
DA:430,6
DA:431,12
DA:432,4
DA:433,6
DA:434,2
DA:440,3
DA:441,3
DA:442,3
DA:443,4
DA:444,2
DA:446,2
DA:447,2
DA:449,4
DA:451,1
DA:452,3
DA:454,0
DA:478,24
DA:479,24
DA:480,48
DA:481,48
DA:482,24
DA:483,24
DA:484,24
DA:490,24
DA:500,8
DA:501,8
DA:502,16
DA:508,4
DA:509,4
DA:510,4
DA:511,4
DA:512,4
DA:514,4
DA:517,2
DA:518,2
DA:520,6
DA:522,1
DA:523,1
DA:524,1
DA:525,1
DA:533,60
DA:534,120
DA:535,1
DA:537,59
DA:538,6
DA:539,2
DA:540,1
DA:541,1
DA:542,1
DA:543,1
DA:544,0
DA:545,0
DA:547,2
DA:548,1
DA:549,1
DA:551,34
DA:552,32
DA:553,32
DA:556,2
DA:557,1
DA:558,1
DA:559,7
DA:566,57
DA:567,114
DA:568,1
DA:570,56
DA:571,2
DA:572,1
DA:573,1
DA:574,1
DA:575,1
DA:576,0
DA:577,0
DA:579,2
DA:580,1
DA:581,1
DA:583,65
DA:584,32
DA:585,32
DA:588,2
DA:589,1
DA:590,1
DA:591,10
DA:598,4
DA:599,8
DA:600,2
DA:601,3
DA:602,1
DA:610,4
DA:611,8
DA:612,2
DA:613,3
DA:614,1
DA:619,1
DA:620,1
DA:621,1
DA:622,0
DA:623,0
DA:625,0
DA:626,0
DA:627,0
DA:628,0
DA:629,0
DA:630,0
DA:631,0
LF:223
LH:184
end_of_record
TN:
SF:/Users/smeya/git/gboxide/core-lib/src/apu/sweep.rs
FN:22,Sweep::clock
FN:43,Sweep::trigger
FN:61,Sweep::reset
FNF:3
FNDA:6,Sweep::clock
FNDA:2,Sweep::trigger
FNDA:1,Sweep::reset
DA:22,6
DA:24,11
DA:26,3
DA:27,6
DA:28,1
DA:30,2
DA:33,4
DA:34,1
DA:35,5
DA:37,2
DA:43,2
DA:44,2
DA:45,4
DA:46,2
DA:48,2
DA:49,2
DA:50,4
DA:51,0
DA:53,2
DA:55,3
DA:56,1
DA:61,1
DA:62,1
DA:63,1
DA:64,1
LF:25
LH:24
end_of_record
TN:
SF:/Users/smeya/git/gboxide/core-lib/src/apu/wave_duty.rs
FN:19,WaveDuty::pattern_bits
FNF:1
FNDA:4,WaveDuty::pattern_bits
DA:19,4
DA:20,4
DA:21,1
DA:22,1
DA:23,1
DA:24,1
LF:6
LH:6
end_of_record
TN:
SF:/Users/smeya/git/gboxide/core-lib/src/bus.rs
FN:10,MemoryBus::read_word
FN:17,MemoryBus::write_word
FN:35,Bus<'a>::new
FN:41,<impl MemoryBus for Bus<'_>>::read
FN:45,<impl MemoryBus for Bus<'_>>::write
FN:49,<impl MemoryBus for Bus<'_>>::get_interrupt
FN:53,<impl MemoryBus for Bus<'_>>::clear_interrupt
FN:57,<impl MemoryBus for Bus<'_>>::get_interrupt_vector
FN:61,<impl MemoryBus for Bus<'_>>::read_word
FN:67,<impl MemoryBus for Bus<'_>>::write_word
FNF:10
FNDA:0,MemoryBus::read_word
FNDA:0,MemoryBus::write_word
FNDA:0,Bus<'a>::new
FNDA:0,<impl MemoryBus for Bus<'_>>::read
FNDA:0,<impl MemoryBus for Bus<'_>>::write
FNDA:0,<impl MemoryBus for Bus<'_>>::get_interrupt
FNDA:0,<impl MemoryBus for Bus<'_>>::clear_interrupt
FNDA:0,<impl MemoryBus for Bus<'_>>::get_interrupt_vector
FNDA:0,<impl MemoryBus for Bus<'_>>::read_word
FNDA:0,<impl MemoryBus for Bus<'_>>::write_word
DA:10,0
DA:11,0
DA:12,0
DA:13,0
DA:17,0
DA:18,0
DA:19,0
DA:20,0
DA:21,0
DA:35,0
DA:41,0
DA:42,0
DA:45,0
DA:46,0
DA:49,0
DA:50,0
DA:53,0
DA:54,0
DA:57,0
DA:58,0
DA:61,0
DA:62,0
DA:63,0
DA:64,0
DA:67,0
DA:68,0
DA:69,0
DA:70,0
DA:71,0
LF:29
LH:0
end_of_record
TN:
SF:/Users/smeya/git/gboxide/core-lib/src/cartridge/mod.rs
FN:40,Cartridge::new
FN:80,Cartridge::create_mbc
FN:97,Cartridge::title
FN:109,Cartridge::rom_size
FN:114,Cartridge::ram_size
FN:119,Cartridge::has_battery
FN:132,Cartridge::read
FN:178,Cartridge::write
FNF:8
FNDA:49,Cartridge::new
FNDA:29,Cartridge::create_mbc
FNDA:2,Cartridge::title
FNDA:1,Cartridge::rom_size
FNDA:1,Cartridge::ram_size
FNDA:1,Cartridge::has_battery
FNDA:3,Cartridge::read
FNDA:8,Cartridge::write
DA:40,49
DA:41,49
DA:42,6
DA:44,42
DA:45,1
DA:46,41
DA:47,1
DA:48,40
DA:49,1
DA:50,7
DA:59,16
DA:61,24
DA:80,29
DA:81,29
DA:82,13
DA:83,15
DA:84,0
DA:85,0
DA:86,0
DA:88,1
DA:97,2
DA:98,2
DA:99,4
DA:100,1
DA:102,1
DA:104,24
DA:105,2
DA:109,1
DA:110,1
DA:114,1
DA:115,1
DA:119,1
DA:120,1
DA:132,3
DA:133,3
DA:134,3
DA:135,0
DA:136,0
DA:138,0
DA:139,3
DA:140,0
DA:141,0
DA:142,0
DA:143,0
DA:145,0
DA:147,3
DA:148,2
DA:150,1
DA:151,1
DA:152,2
DA:153,1
DA:154,1
DA:155,1
DA:156,1
DA:157,1
DA:161,1
DA:164,1
DA:178,8
DA:179,8
DA:180,8
DA:181,2
DA:182,2
DA:184,6
DA:185,1
DA:186,2
DA:187,1
DA:189,5
DA:190,1
DA:191,1
DA:193,4
DA:194,2
DA:196,1
DA:197,1
DA:198,2
DA:199,1
DA:200,1
DA:202,1
DA:203,1
DA:204,2
DA:205,1
DA:206,1
DA:213,1
DA:216,2
LF:83
LH:72
end_of_record
TN:
SF:/Users/smeya/git/gboxide/core-lib/src/cartridge/types.rs
FN:31,CartridgeType::from_u8
FN:129,RomSize::from_u8
FN:144,RomSize::size
FN:148,RomSize::as_bytes
FN:176,RamSize::from_u8
FN:188,RamSize::size
FN:192,RamSize::as_bytes
FNF:7
FNDA:51,CartridgeType::from_u8
FNDA:46,RomSize::from_u8
FNDA:2,RomSize::size
FNDA:3,RomSize::as_bytes
FNDA:45,RamSize::from_u8
FNDA:58,RamSize::size
FNDA:59,RamSize::as_bytes
DA:31,51
DA:32,51
DA:33,21
DA:34,15
DA:35,15
DA:36,15
DA:37,15
DA:39,0
DA:40,0
DA:41,0
DA:42,0
DA:44,4
DA:45,4
DA:46,4
DA:47,4
DA:49,1
DA:50,1
DA:51,1
DA:52,1
DA:53,1
DA:54,1
DA:56,0
DA:57,0
DA:58,0
DA:59,0
DA:61,0
DA:62,0
DA:63,0
DA:64,0
DA:66,0
DA:67,0
DA:68,0
DA:69,0
DA:71,1
DA:72,1
DA:73,1
DA:74,1
DA:76,1
DA:77,1
DA:78,1
DA:79,1
DA:81,0
DA:82,0
DA:83,0
DA:84,0
DA:86,1
DA:87,1
DA:88,1
DA:89,1
DA:91,0
DA:92,0
DA:93,0
DA:94,0
DA:96,0
DA:97,0
DA:98,0
DA:99,0
DA:101,0
DA:102,0
DA:103,0
DA:104,0
DA:106,2
DA:107,1
DA:108,2
DA:129,46
DA:130,46
DA:131,40
DA:132,2
DA:133,1
DA:134,0
DA:135,0
DA:136,0
DA:137,0
DA:138,0
DA:139,1
DA:140,2
DA:144,2
DA:145,2
DA:148,3
DA:149,3
DA:150,2
DA:151,0
DA:152,0
DA:153,0
DA:154,0
DA:155,0
DA:156,0
DA:157,0
DA:158,1
DA:176,45
DA:177,45
DA:178,25
DA:179,2
DA:180,15
DA:181,0
DA:182,0
DA:183,1
DA:184,2
DA:188,58
DA:189,58
DA:192,59
DA:193,59
DA:194,25
DA:195,3
DA:196,30
DA:197,0
DA:198,0
DA:199,1
LF:108
LH:60
end_of_record
TN:
SF:/Users/smeya/git/gboxide/core-lib/src/cpu/mod.rs
FN:32,Registers::af
FN:37,Registers::set_af
FN:42,Registers::bc
FN:47,Registers::set_bc
FN:52,Registers::de
FN:57,Registers::set_de
FN:62,Registers::hl
FN:67,Registers::set_hl
FN:72,Registers::sp
FN:76,Registers::set_sp
FN:84,Registers::get_reg
FN:102,Registers::set_reg
FN:116,Registers::flags
FN:126,Registers::set_flags
FN:153,<impl Default for CPU>::default
FN:159,CPU::new
FN:178,CPU::step
FN:267,CPU::get_cycles
FN:271,CPU::get_current_cycles
FN:280,CPU::execute
FNF:20
FNDA:1,Registers::af
FNDA:1,Registers::set_af
FNDA:13,Registers::bc
FNDA:9,Registers::set_bc
FNDA:13,Registers::de
FNDA:9,Registers::set_de
FNDA:187,Registers::hl
FNDA:27,Registers::set_hl
FNDA:1,Registers::sp
FNDA:5,Registers::set_sp
FNDA:459,Registers::get_reg
FNDA:347,Registers::set_reg
FNDA:1,Registers::flags
FNDA:1,Registers::set_flags
FNDA:1,<impl Default for CPU>::default
FNDA:10,CPU::new
FNDA:4,CPU::step
FNDA:1,CPU::get_cycles
FNDA:1,CPU::get_current_cycles
FNDA:513,CPU::execute
DA:32,1
DA:33,1
DA:37,1
DA:38,1
DA:39,1
DA:42,13
DA:43,13
DA:47,9
DA:48,9
DA:49,9
DA:52,13
DA:53,13
DA:57,9
DA:58,9
DA:59,9
DA:62,187
DA:63,187
DA:67,27
DA:68,27
DA:69,27
DA:72,1
DA:73,1
DA:76,5
DA:77,5
DA:84,459
DA:85,459
DA:86,524
DA:87,461
DA:88,392
DA:89,327
DA:90,262
DA:91,197
DA:92,132
DA:93,3
DA:94,1
DA:102,347
DA:103,347
DA:104,396
DA:105,299
DA:106,348
DA:107,295
DA:108,246
DA:109,197
DA:110,148
DA:111,99
DA:112,1
DA:116,1
DA:118,1
DA:119,1
DA:120,1
DA:121,1
DA:126,1
DA:127,1
DA:128,2
DA:129,1
DA:131,1
DA:132,0
DA:134,2
DA:135,1
DA:137,1
DA:138,0
DA:153,1
DA:154,1
DA:159,10
DA:161,10
DA:178,4
DA:180,4
DA:182,4
DA:183,4
DA:184,0
DA:185,0
DA:186,0
DA:187,0
DA:188,0
DA:189,0
DA:190,0
DA:191,0
DA:192,0
DA:193,0
DA:194,0
DA:195,0
DA:198,4
DA:199,0
DA:200,0
DA:201,0
DA:203,4
DA:204,4
DA:206,4
DA:208,4
DA:209,4
DA:210,4
DA:212,0
DA:213,0
DA:214,0
DA:216,0
DA:217,0
DA:218,0
DA:220,0
DA:223,4
DA:224,4
DA:225,4
DA:227,4
DA:229,4
DA:230,0
DA:231,0
DA:232,0
DA:235,0
DA:236,0
DA:237,0
DA:239,4
DA:240,4
DA:241,4
DA:242,4
DA:243,4
DA:244,4
DA:245,4
DA:246,4
DA:247,4
DA:248,4
DA:249,4
DA:250,4
DA:251,4
DA:252,4
DA:253,4
DA:254,4
DA:255,4
DA:256,4
DA:257,4
DA:260,4
DA:261,0
DA:263,0
DA:264,0
DA:267,1
DA:268,1
DA:271,1
DA:272,1
DA:280,513
DA:281,513
LF:138
LH:105
end_of_record
TN:
SF:/Users/smeya/git/gboxide/core-lib/src/cpu/opcodes/alu.rs
FNF:0
DA:18,14
DA:19,14
DA:20,14
DA:21,14
DA:23,14
DA:24,14
DA:25,14
DA:26,14
DA:27,14
DA:28,14
DA:41,14
DA:42,14
DA:43,14
DA:44,14
DA:45,14
DA:46,14
DA:47,14
DA:48,14
DA:49,14
DA:50,14
DA:63,14
DA:64,14
DA:65,14
DA:66,14
DA:67,14
DA:80,14
DA:81,14
DA:82,14
DA:83,14
DA:96,14
DA:97,14
DA:98,14
DA:99,14
DA:112,14
DA:113,14
DA:114,14
DA:116,14
DA:117,14
DA:118,14
DA:119,14
DA:120,14
DA:133,12
DA:134,12
DA:135,12
DA:136,12
DA:137,12
DA:138,12
DA:139,12
DA:140,12
DA:153,14
DA:154,14
DA:155,14
DA:156,14
DA:157,14
DA:158,14
DA:159,14
DA:160,14
DA:161,14
DA:174,2
DA:175,2
DA:176,2
DA:177,2
DA:178,2
DA:179,2
DA:180,2
DA:181,2
DA:182,2
DA:183,2
DA:184,2
DA:197,2
DA:198,2
DA:199,2
DA:200,2
DA:201,2
DA:202,2
DA:203,2
DA:204,2
DA:205,2
DA:206,2
DA:207,2
DA:220,2
DA:221,2
DA:222,2
DA:223,2
DA:224,2
DA:225,2
DA:226,2
DA:239,2
DA:240,2
DA:241,2
DA:242,2
DA:243,2
DA:244,2
DA:257,2
DA:258,2
DA:259,2
DA:260,2
DA:261,2
DA:262,2
DA:275,2
DA:276,2
DA:277,2
DA:278,2
DA:279,2
DA:280,4
DA:281,2
DA:283,2
DA:284,0
DA:286,2
DA:287,0
DA:289,2
DA:290,2
DA:291,2
DA:292,2
DA:293,2
DA:294,2
DA:295,2
DA:296,2
DA:297,2
DA:299,2
DA:312,2
DA:313,2
DA:314,2
DA:315,2
DA:316,2
DA:317,2
DA:318,2
DA:319,4
DA:320,2
DA:322,2
DA:323,0
DA:325,2
DA:326,0
DA:328,2
DA:329,2
DA:342,2
DA:343,2
DA:344,2
DA:345,2
DA:346,2
DA:347,2
DA:348,2
DA:349,4
DA:350,2
DA:352,2
DA:353,0
DA:355,2
DA:356,0
DA:358,2
DA:359,2
LF:150
LH:144
end_of_record
TN:
SF:/Users/smeya/git/gboxide/core-lib/src/cpu/opcodes/cb.rs
FNF:0
DA:12,2
DA:13,514
DA:14,512
DA:15,512
DA:16,512
DA:17,1024
DA:21,2
DA:23,18
DA:26,16
DA:28,18
DA:29,36
DA:30,2
DA:32,16
DA:34,18
DA:35,18
DA:36,36
DA:37,18
DA:39,18
DA:40,0
DA:42,20
DA:43,2
DA:45,16
DA:47,18
DA:52,18
DA:55,16
DA:57,16
DA:58,32
DA:59,2
DA:61,14
DA:63,16
DA:64,16
DA:65,32
DA:66,16
DA:68,16
DA:69,0
DA:71,18
DA:72,2
DA:74,14
DA:76,16
DA:81,18
DA:84,16
DA:86,16
DA:87,32
DA:88,2
DA:90,14
DA:92,16
DA:93,16
DA:94,16
DA:95,32
DA:96,16
DA:98,16
DA:99,0
DA:101,18
DA:102,2
DA:104,14
DA:106,16
DA:111,18
DA:114,16
DA:116,16
DA:117,32
DA:118,2
DA:120,14
DA:122,16
DA:123,16
DA:124,16
DA:125,32
DA:126,16
DA:128,16
DA:129,0
DA:131,18
DA:132,2
DA:134,14
DA:136,16
DA:141,18
DA:144,16
DA:146,16
DA:147,32
DA:148,2
DA:150,14
DA:152,16
DA:153,16
DA:154,32
DA:155,16
DA:157,16
DA:158,0
DA:160,18
DA:161,2
DA:163,14
DA:165,16
DA:170,18
DA:173,16
DA:175,16
DA:176,32
DA:177,2
DA:179,14
DA:181,16
DA:182,16
DA:183,32
DA:184,16
DA:186,16
DA:187,0
DA:189,18
DA:190,2
DA:192,14
DA:194,16
DA:199,18
DA:202,16
DA:204,16
DA:205,32
DA:206,2
DA:208,14
DA:210,16
DA:211,16
DA:212,32
DA:213,16
DA:215,18
DA:216,2
DA:218,14
DA:220,16
DA:225,18
DA:228,16
DA:230,16
DA:231,32
DA:232,2
DA:234,14
DA:236,16
DA:237,16
DA:238,32
DA:239,16
DA:241,16
DA:242,0
DA:244,18
DA:245,2
DA:247,14
DA:249,16
DA:254,34
DA:255,128
DA:259,128
DA:261,128
DA:262,256
DA:263,16
DA:265,112
DA:267,128
DA:268,128
DA:269,128
DA:270,256
DA:271,128
DA:272,128
DA:273,128
DA:274,128
DA:280,128
DA:282,128
DA:283,256
DA:284,16
DA:286,112
DA:288,128
DA:289,144
DA:290,16
DA:292,112
DA:294,128
DA:300,128
DA:302,128
DA:303,256
DA:304,16
DA:306,112
DA:308,128
DA:309,144
DA:310,16
DA:312,112
DA:314,128
DA:319,2
LF:171
LH:164
end_of_record
TN:
SF:/Users/smeya/git/gboxide/core-lib/src/cpu/opcodes/jump.rs
FN:12,wrapping_add_signed_u16
FNF:1
FNDA:6,wrapping_add_signed_u16
DA:12,6
DA:13,6
DA:23,8
DA:24,8
DA:25,8
DA:26,8
DA:27,12
DA:28,4
DA:30,8
DA:43,8
DA:44,8
DA:45,8
DA:46,12
DA:47,4
DA:49,8
DA:62,8
DA:63,8
DA:64,8
DA:65,8
DA:66,12
DA:68,4
DA:69,4
DA:70,4
DA:71,4
DA:73,4
DA:75,8
DA:88,8
DA:89,12
DA:90,4
DA:91,4
DA:92,4
DA:93,4
DA:94,4
DA:96,8
DA:109,2
DA:110,2
DA:111,2
DA:112,2
DA:113,2
DA:126,2
DA:127,2
DA:128,2
DA:141,2
DA:142,2
DA:143,2
DA:144,2
DA:145,2
DA:158,2
DA:159,2
DA:160,2
DA:161,2
DA:162,2
DA:163,2
DA:164,2
DA:165,2
DA:166,2
DA:167,2
DA:180,2
DA:181,2
DA:182,2
DA:183,2
DA:184,2
DA:185,2
DA:186,2
DA:199,2
DA:200,2
DA:201,2
DA:202,2
DA:203,2
DA:204,2
DA:205,2
DA:218,17
DA:219,17
DA:220,17
DA:221,17
DA:222,17
DA:223,17
DA:224,17
DA:237,2
DA:238,2
DA:239,2
DA:252,2
DA:253,2
DA:254,2
DA:267,2
DA:268,2
DA:269,2
DA:282,2
DA:283,2
DA:284,2
DA:285,2
DA:286,2
DA:287,2
LF:93
LH:93
end_of_record
TN:
SF:/Users/smeya/git/gboxide/core-lib/src/cpu/opcodes/load_store.rs
FNF:0
DA:18,98
DA:19,98
DA:21,98
DA:23,98
DA:36,14
DA:37,14
DA:38,14
DA:39,14
DA:52,14
DA:53,14
DA:54,14
DA:55,14
DA:69,8
DA:70,16
DA:71,2
DA:73,6
DA:75,8
DA:76,8
DA:91,8
DA:92,16
DA:93,2
DA:95,6
DA:97,8
DA:98,8
DA:113,8
DA:114,8
DA:115,8
DA:116,8
DA:117,8
DA:118,10
DA:119,2
DA:121,6
DA:123,8
DA:138,8
DA:139,16
DA:140,2
DA:142,6
DA:144,8
DA:145,8
DA:146,8
DA:147,8
DA:148,8
DA:163,8
DA:164,8
DA:165,8
DA:166,8
DA:167,8
DA:168,8
DA:169,10
DA:170,2
DA:171,2
DA:173,6
DA:175,8
DA:189,8
DA:190,8
DA:191,16
DA:192,2
DA:194,6
DA:196,8
DA:197,8
DA:198,8
DA:199,8
DA:200,0
DA:202,8
DA:203,0
DA:205,8
DA:206,8
DA:219,2
DA:220,2
DA:221,2
DA:222,2
DA:223,2
DA:224,2
DA:225,2
DA:226,2
DA:227,2
DA:229,2
DA:242,2
DA:243,2
DA:244,2
DA:257,2
DA:258,2
DA:259,2
DA:272,2
DA:273,2
DA:274,2
DA:287,2
DA:288,2
DA:289,2
DA:302,0
DA:303,0
DA:304,0
DA:305,0
DA:306,0
DA:307,0
DA:308,0
DA:321,0
DA:322,0
DA:323,0
DA:324,0
DA:325,0
DA:326,0
DA:327,0
DA:340,2
DA:341,2
DA:342,2
DA:343,2
DA:356,2
DA:357,2
DA:358,2
DA:359,2
DA:372,2
DA:373,2
DA:374,2
DA:375,2
DA:376,2
DA:389,2
DA:390,2
DA:391,2
DA:392,2
DA:393,2
DA:406,2
DA:407,2
DA:408,2
DA:409,2
DA:410,2
DA:423,2
DA:424,2
DA:425,2
DA:426,2
DA:427,2
DA:440,2
DA:441,2
DA:442,2
DA:455,2
DA:456,2
DA:458,2
DA:459,2
DA:460,2
DA:461,2
DA:462,2
DA:463,2
DA:464,2
DA:465,2
DA:466,2
DA:467,0
DA:470,2
DA:471,0
DA:473,2
DA:486,2
DA:487,2
DA:488,2
DA:489,2
DA:490,2
DA:491,2
DA:504,2
DA:505,2
DA:506,2
DA:507,2
DA:508,2
DA:509,2
DA:522,2
DA:523,2
DA:524,2
DA:525,2
DA:526,2
DA:527,2
DA:528,2
DA:541,2
DA:542,2
DA:543,2
DA:544,2
DA:545,2
DA:546,2
DA:547,2
LF:175
LH:157
end_of_record
TN:
SF:/Users/smeya/git/gboxide/core-lib/src/cpu/opcodes/mod.rs
FNF:0
DA:28,5
DA:29,1285
DA:30,1280
DA:31,1280
DA:32,1280
DA:33,1302
DA:34,22
DA:35,22
DA:36,22
DA:37,22
DA:43,5
DA:44,5
DA:45,5
DA:46,5
DA:47,5
DA:48,5
DA:49,5
DA:50,5
DA:51,5
DA:52,5
DA:53,5
DA:54,5
DA:55,5
DA:56,5
DA:57,5
DA:58,5
DA:59,5
DA:60,5
DA:61,5
DA:62,5
DA:63,5
DA:64,5
DA:65,5
DA:66,5
DA:67,5
DA:68,5
DA:69,5
DA:70,5
DA:71,5
DA:72,5
DA:73,5
DA:74,5
DA:75,5
DA:76,5
DA:77,5
DA:78,5
DA:79,5
DA:80,5
DA:81,5
DA:82,5
DA:83,5
DA:84,5
DA:85,5
DA:86,5
DA:87,5
DA:88,5
DA:89,5
DA:90,5
DA:91,5
DA:92,5
DA:93,5
DA:94,5
DA:95,5
DA:96,5
DA:99,5
DA:100,5
DA:101,5
DA:102,5
DA:103,5
DA:104,5
DA:105,5
DA:106,5
DA:107,5
DA:108,5
DA:109,5
DA:110,5
DA:111,5
DA:112,5
DA:113,5
DA:114,5
DA:115,5
DA:116,5
DA:117,5
DA:118,5
DA:119,5
DA:120,5
DA:121,5
DA:122,5
DA:123,5
DA:124,5
DA:125,5
DA:126,5
DA:127,5
DA:128,5
DA:129,5
DA:130,5
DA:131,5
DA:132,5
DA:133,5
DA:134,5
DA:135,5
DA:136,5
DA:137,5
DA:138,5
DA:139,5
DA:140,5
DA:141,5
DA:142,5
DA:143,5
DA:144,5
DA:145,5
DA:146,5
DA:147,5
DA:148,5
DA:149,5
DA:150,5
DA:151,5
DA:152,5
DA:153,5
DA:154,5
DA:155,5
DA:156,5
DA:157,5
DA:158,5
DA:159,5
DA:160,5
DA:161,5
DA:162,5
DA:163,5
DA:164,5
DA:165,5
DA:166,5
DA:167,5
DA:168,5
DA:169,5
DA:170,5
DA:171,5
DA:172,5
DA:173,5
DA:174,5
DA:175,5
DA:176,5
DA:177,5
DA:178,5
DA:179,5
DA:180,5
DA:181,5
DA:184,5
DA:185,5
DA:186,5
DA:187,5
DA:188,5
DA:189,5
DA:190,5
DA:191,5
DA:192,5
DA:193,5
DA:194,5
DA:195,5
DA:196,5
DA:197,5
DA:198,5
DA:199,5
DA:203,5
DA:204,5
DA:205,5
DA:206,5
DA:209,5
DA:210,5
DA:211,5
DA:212,5
DA:213,5
DA:214,5
DA:215,5
DA:216,5
DA:217,5
DA:218,5
DA:219,5
DA:220,5
DA:221,5
DA:222,5
DA:225,5
DA:226,5
DA:227,5
DA:228,5
DA:231,5
DA:233,5
DA:234,5
DA:235,5
DA:236,5
DA:238,5
DA:239,5
DA:241,5
DA:242,5
DA:244,5
DA:245,5
DA:246,5
DA:247,5
DA:249,5
DA:251,5
DA:253,5
DA:254,5
DA:256,5
DA:257,5
DA:259,5
DA:260,5
DA:261,5
DA:262,5
DA:263,5
DA:264,5
DA:265,5
DA:266,5
DA:269,5
DA:270,5
DA:271,5
DA:272,5
DA:273,16
DA:275,5
DA:276,5
DA:277,5
DA:278,5
DA:279,7
DA:280,2
DA:281,2
DA:282,2
DA:283,2
DA:284,0
DA:286,2
DA:287,0
DA:289,2
DA:290,2
DA:293,5
DA:294,5
DA:295,5
DA:296,5
DA:297,7
DA:298,2
DA:299,2
DA:300,2
DA:301,2
DA:304,5
DA:305,5
DA:306,5
DA:307,5
DA:308,7
DA:309,2
DA:310,2
DA:311,2
DA:312,2
DA:313,2
DA:314,0
DA:316,2
DA:319,5
DA:320,5
DA:321,5
DA:322,5
DA:323,7
DA:324,2
DA:325,2
DA:326,2
DA:327,2
DA:330,5
DA:331,5
DA:332,5
DA:333,5
DA:334,7
DA:335,2
DA:336,2
DA:337,2
DA:338,2
DA:339,2
DA:340,0
DA:342,2
DA:345,5
DA:346,5
DA:347,5
DA:348,5
DA:349,7
DA:350,2
DA:351,2
DA:352,2
DA:353,2
DA:356,5
DA:357,5
DA:358,5
DA:359,5
DA:360,7
DA:361,2
DA:362,2
DA:363,2
DA:364,2
DA:365,2
DA:366,2
DA:367,0
DA:369,2
DA:372,5
DA:373,5
DA:374,5
DA:375,5
DA:376,7
DA:377,2
DA:378,2
DA:379,2
DA:380,2
DA:383,5
DA:384,5
DA:385,5
DA:386,5
DA:387,7
DA:388,2
DA:389,2
DA:390,2
DA:391,2
DA:392,2
DA:393,2
DA:394,0
DA:396,2
DA:399,5
DA:400,5
DA:401,5
DA:402,5
DA:403,7
DA:404,2
DA:405,2
DA:406,2
DA:407,2
DA:410,5
DA:411,5
DA:412,5
DA:413,5
DA:414,7
DA:415,2
DA:416,2
DA:417,2
DA:418,2
DA:419,2
DA:420,6
DA:421,0
DA:423,6
DA:424,0
DA:425,0
DA:427,2
DA:428,0
DA:430,2
DA:432,2
DA:433,4
DA:434,2
DA:436,2
DA:437,2
DA:440,5
DA:441,5
DA:442,5
DA:443,5
DA:444,7
DA:445,2
DA:446,2
DA:447,2
DA:448,2
DA:451,5
DA:452,5
DA:453,5
DA:454,5
DA:455,7
DA:456,2
DA:457,2
DA:458,2
DA:461,5
DA:462,5
DA:463,5
DA:464,5
DA:465,7
DA:466,2
DA:467,2
DA:468,2
DA:469,2
DA:470,2
DA:471,0
DA:473,2
DA:474,0
DA:476,2
DA:477,2
DA:478,2
DA:481,5
DA:482,5
DA:483,5
DA:484,5
DA:485,7
DA:486,2
DA:487,2
DA:488,2
DA:489,2
DA:490,2
DA:491,2
DA:492,0
DA:494,4
DA:495,2
DA:497,2
DA:498,2
DA:499,2
DA:502,5
DA:503,5
DA:504,5
DA:505,5
DA:506,7
DA:507,2
DA:508,2
DA:509,2
DA:510,2
DA:511,2
DA:514,5
DA:515,5
DA:516,5
DA:517,5
DA:518,7
DA:519,2
DA:520,2
DA:521,2
DA:524,5
DA:525,5
DA:526,5
DA:527,5
DA:528,7
DA:529,2
DA:530,2
DA:531,2
DA:532,2
DA:535,5
DA:536,5
DA:537,5
DA:538,5
DA:539,7
DA:540,2
DA:541,2
DA:542,2
DA:543,2
DA:547,5
DA:548,5
DA:549,5
DA:550,5
DA:551,5
DA:552,7
DA:553,2
DA:554,2
DA:555,2
DA:556,2
DA:557,4
DA:558,2
DA:560,2
DA:561,0
DA:563,2
DA:564,0
DA:566,2
DA:567,2
DA:577,12
DA:578,12
DA:579,12
DA:580,12
DA:581,12
DA:582,12
DA:583,24
DA:584,12
DA:586,12
DA:587,0
DA:589,12
DA:590,0
DA:592,12
DA:593,12
DA:598,5
DA:599,5
DA:600,5
DA:601,5
DA:602,5
DA:603,5
DA:611,12
DA:612,12
DA:613,12
DA:614,12
DA:615,12
DA:616,12
DA:617,24
DA:618,12
DA:620,12
DA:621,0
DA:623,12
DA:624,0
DA:626,12
DA:627,12
DA:632,5
DA:633,5
DA:634,5
DA:635,5
DA:636,5
DA:637,5
DA:639,5
DA:640,5
DA:641,5
DA:642,5
DA:643,7
DA:644,2
DA:645,2
DA:646,4
DA:647,2
DA:649,2
DA:653,5
DA:654,5
DA:655,5
DA:656,5
DA:657,7
DA:658,2
DA:659,4
DA:660,2
DA:664,5
DA:665,5
DA:666,5
DA:667,5
DA:668,7
DA:669,2
DA:670,4
DA:671,2
DA:675,5
DA:676,5
DA:677,5
DA:678,5
DA:679,7
DA:680,2
DA:681,2
DA:682,2
DA:683,4
DA:684,2
DA:686,2
DA:687,0
DA:689,2
DA:690,0
DA:692,2
DA:696,5
DA:697,5
DA:698,5
DA:699,5
DA:700,7
DA:701,2
DA:702,2
DA:703,2
DA:704,2
DA:705,2
DA:709,5
DA:710,5
DA:711,5
DA:712,5
DA:713,7
DA:714,2
DA:716,2
DA:717,2
DA:718,2
DA:719,2
DA:720,2
DA:721,2
DA:722,2
DA:723,2
DA:724,2
DA:725,0
DA:728,2
DA:729,0
DA:731,2
DA:736,5
DA:737,5
DA:738,5
DA:739,5
DA:740,7
DA:741,2
DA:742,2
DA:743,2
DA:744,2
DA:745,2
DA:746,4
DA:747,2
DA:749,2
DA:750,0
DA:752,2
DA:753,0
DA:755,2
DA:756,2
DA:760,5
DA:761,5
DA:762,5
DA:763,5
DA:764,7
DA:765,2
DA:766,2
DA:767,2
DA:768,2
DA:769,2
DA:770,4
DA:771,2
DA:773,2
DA:774,0
DA:776,2
DA:777,0
DA:779,2
DA:780,2
DA:784,5
DA:785,5
DA:786,5
DA:787,5
DA:788,7
DA:789,2
DA:790,2
DA:791,2
DA:792,2
DA:793,4
DA:794,2
DA:796,2
DA:797,0
DA:799,2
DA:800,0
DA:802,2
DA:803,2
DA:807,5
DA:808,5
DA:809,5
DA:810,5
DA:811,7
DA:812,2
DA:813,2
DA:814,2
DA:815,2
DA:816,2
DA:817,4
DA:818,2
DA:820,2
DA:821,0
DA:823,2
DA:824,0
DA:826,2
DA:827,2
DA:831,5
DA:832,5
DA:833,5
DA:834,5
DA:835,7
DA:836,2
DA:837,2
DA:838,2
DA:839,2
DA:840,2
DA:841,4
DA:842,2
DA:844,2
DA:845,0
DA:847,2
DA:848,0
DA:850,2
DA:851,2
DA:855,5
LF:653
LH:620
end_of_record
TN:
SF:/Users/smeya/git/gboxide/core-lib/src/helpers.rs
FN:8,unpack_tile_attributes
FN:23,tile_data_address
FN:37,extract_colour_index
FNF:3
FNDA:3,unpack_tile_attributes
FNDA:484,tile_data_address
FNDA:485,extract_colour_index
DA:8,3
DA:9,3
DA:10,3
DA:11,3
DA:12,3
DA:13,3
DA:14,3
DA:23,484
DA:24,484
DA:26,2
DA:28,482
DA:37,485
DA:38,485
LF:13
LH:13
end_of_record
TN:
SF:/Users/smeya/git/gboxide/core-lib/src/interrupts/mod.rs
FN:24,Interrupts::new
FN:29,Interrupts::pending_regardless_of_ime
FN:34,Interrupts::pending
FN:39,Interrupts::get_interrupt
FN:59,Interrupts::schedule_enable_ime
FN:64,Interrupts::update_ime
FN:72,Interrupts::request
FN:77,Interrupts::clear
FN:82,Interrupts::get_vector
FN:94,Interrupts::read_if
FN:100,Interrupts::write_if
FN:106,Interrupts::read_ie
FN:112,Interrupts::write_ie
FN:117,Interrupts::disable_ime
FN:123,Interrupts::set_ie
FN:128,Interrupts::set_if
FN:133,Interrupts::set_ime
FN:138,Interrupts::enable
FNF:18
FNDA:36,Interrupts::new
FNDA:13,Interrupts::pending_regardless_of_ime
FNDA:20,Interrupts::pending
FNDA:15,Interrupts::get_interrupt
FNDA:1,Interrupts::schedule_enable_ime
FNDA:5,Interrupts::update_ime
FNDA:14,Interrupts::request
FNDA:3,Interrupts::clear
FNDA:5,Interrupts::get_vector
FNDA:42,Interrupts::read_if
FNDA:0,Interrupts::write_if
FNDA:0,Interrupts::read_ie
FNDA:5,Interrupts::write_ie
FNDA:0,Interrupts::disable_ime
FNDA:0,Interrupts::set_ie
FNDA:0,Interrupts::set_if
FNDA:3,Interrupts::set_ime
FNDA:1,Interrupts::enable
DA:24,36
DA:25,36
DA:29,13
DA:30,13
DA:34,20
DA:35,31
DA:39,15
DA:40,15
DA:41,10
DA:44,5
DA:45,5
DA:46,3
DA:47,2
DA:48,1
DA:49,1
DA:50,1
DA:51,0
DA:52,0
DA:54,0
DA:59,1
DA:60,1
DA:64,5
DA:65,6
DA:66,1
DA:67,1
DA:72,14
DA:73,14
DA:77,3
DA:78,3
DA:82,5
DA:83,5
DA:84,1
DA:85,1
DA:86,1
DA:87,1
DA:88,1
DA:94,42
DA:95,42
DA:100,0
DA:101,0
DA:106,0
DA:107,0
DA:112,5
DA:113,5
DA:117,0
DA:118,0
DA:119,0
DA:123,0
DA:124,0
DA:128,0
DA:129,0
DA:133,3
DA:134,3
DA:138,1
DA:139,1
LF:55
LH:41
end_of_record
TN:
SF:/Users/smeya/git/gboxide/core-lib/src/mmu/input.rs
FN:28,GameBoyButton::from_index
FN:42,GameBoyButton::to_index
FNF:2
FNDA:20,GameBoyButton::from_index
FNDA:38,GameBoyButton::to_index
DA:28,20
DA:29,20
DA:30,2
DA:31,2
DA:32,2
DA:33,2
DA:34,2
DA:35,2
DA:36,2
DA:37,2
DA:38,4
DA:42,38
DA:43,38
LF:13
LH:13
end_of_record
TN:
SF:/Users/smeya/git/gboxide/core-lib/src/mmu/mbc/mbc1.rs
FN:17,Mbc1::new
FN:34,Mbc1::current_rom_bank
FN:41,Mbc1::current_ram_bank
FN:51,<impl Mbc for Mbc1>::read
FN:81,<impl Mbc for Mbc1>::write
FN:129,<impl Mbc for Mbc1>::rom_bank
FN:132,<impl Mbc for Mbc1>::ram_bank
FN:135,<impl Mbc for Mbc1>::is_ram_enabled
FN:138,<impl Mbc for Mbc1>::save_ram
FN:141,<impl Mbc for Mbc1>::load_ram
FNF:10
FNDA:533,Mbc1::new
FNDA:520,Mbc1::current_rom_bank
FNDA:16,Mbc1::current_ram_bank
FNDA:181,<impl Mbc for Mbc1>::read
FNDA:537,<impl Mbc for Mbc1>::write
FNDA:514,<impl Mbc for Mbc1>::rom_bank
FNDA:0,<impl Mbc for Mbc1>::ram_bank
FNDA:0,<impl Mbc for Mbc1>::is_ram_enabled
FNDA:4,<impl Mbc for Mbc1>::save_ram
FNDA:3,<impl Mbc for Mbc1>::load_ram
DA:17,533
DA:19,533
DA:20,533
DA:22,533
DA:25,533
DA:34,520
DA:35,520
DA:36,520
DA:37,0
DA:39,520
DA:41,16
DA:42,16
DA:43,13
DA:45,3
DA:51,181
DA:52,181
DA:54,181
DA:55,330
DA:56,165
DA:58,0
DA:60,165
DA:61,165
DA:64,16
DA:65,6
DA:66,6
DA:67,6
DA:70,10
DA:71,10
DA:72,2
DA:74,8
DA:75,8
DA:76,8
DA:78,0
DA:81,537
DA:82,537
DA:84,537
DA:85,10
DA:86,10
DA:89,527
DA:90,515
DA:91,515
DA:92,0
DA:94,515
DA:95,515
DA:98,12
DA:99,3
DA:100,4
DA:101,1
DA:103,2
DA:105,3
DA:108,9
DA:109,1
DA:110,1
DA:113,8
DA:114,8
DA:115,0
DA:117,8
DA:118,8
DA:119,8
DA:120,8
DA:121,8
DA:123,0
DA:126,0
DA:129,514
DA:130,514
DA:132,0
DA:133,0
DA:135,0
DA:136,0
DA:138,4
DA:139,4
DA:141,3
DA:142,3
DA:143,0
DA:145,3
DA:146,3
LF:76
LH:64
end_of_record
TN:
SF:/Users/smeya/git/gboxide/core-lib/src/mmu/mbc/mbc2.rs
FN:17,Mbc2::new
FN:28,<impl Mbc for Mbc2>::read
FN:51,<impl Mbc for Mbc2>::write
FN:81,<impl Mbc for Mbc2>::rom_bank
FN:84,<impl Mbc for Mbc2>::ram_bank
FN:87,<impl Mbc for Mbc2>::is_ram_enabled
FN:90,<impl Mbc for Mbc2>::save_ram
FN:93,<impl Mbc for Mbc2>::load_ram
FNF:8
FNDA:514,Mbc2::new
FNDA:514,<impl Mbc for Mbc2>::read
FNDA:1034,<impl Mbc for Mbc2>::write
FNDA:0,<impl Mbc for Mbc2>::rom_bank
FNDA:0,<impl Mbc for Mbc2>::ram_bank
FNDA:0,<impl Mbc for Mbc2>::is_ram_enabled
FNDA:0,<impl Mbc for Mbc2>::save_ram
FNDA:0,<impl Mbc for Mbc2>::load_ram
DA:17,514
DA:20,514
DA:28,514
DA:29,514
DA:31,514
DA:33,514
DA:34,0
DA:35,0
DA:36,0
DA:39,514
DA:40,514
DA:41,0
DA:43,514
DA:44,514
DA:47,0
DA:48,0
DA:51,1034
DA:52,0
DA:54,2066
DA:55,516
DA:56,516
DA:59,518
DA:60,0
DA:61,0
DA:62,0
DA:64,0
DA:65,0
DA:68,518
DA:69,518
DA:70,4
DA:72,514
DA:73,514
DA:74,514
DA:77,0
DA:78,0
DA:81,0
DA:82,0
DA:84,0
DA:85,0
DA:87,0
DA:88,0
DA:90,0
DA:91,0
DA:93,0
DA:94,0
DA:95,0
DA:97,0
DA:98,0
LF:48
LH:21
end_of_record
TN:
SF:/Users/smeya/git/gboxide/core-lib/src/mmu/mbc/mbc3.rs
FN:17,Rtc::new
FN:29,Rtc::tick
FN:65,Rtc::latch
FN:69,Rtc::read_reg
FN:90,Rtc::write_reg
FN:105,Rtc::to_bytes
FN:123,Rtc::from_bytes
FN:167,Mbc3::new
FN:182,Mbc3::rtc_index
FN:191,<impl Mbc for Mbc3>::read
FN:224,<impl Mbc for Mbc3>::write
FN:285,<impl Mbc for Mbc3>::rom_bank
FN:288,<impl Mbc for Mbc3>::ram_bank
FN:291,<impl Mbc for Mbc3>::is_ram_enabled
FN:294,<impl Mbc for Mbc3>::save_ram
FN:299,<impl Mbc for Mbc3>::load_ram
FNF:16
FNDA:12,Rtc::new
FNDA:116,Rtc::tick
FNDA:16,Rtc::latch
FNDA:22,Rtc::read_reg
FNDA:18,Rtc::write_reg
FNDA:2,Rtc::to_bytes
FNDA:2,Rtc::from_bytes
FNDA:12,Mbc3::new
FNDA:140,Mbc3::rtc_index
FNDA:22,<impl Mbc for Mbc3>::read
FNDA:100,<impl Mbc for Mbc3>::write
FNDA:0,<impl Mbc for Mbc3>::rom_bank
FNDA:0,<impl Mbc for Mbc3>::ram_bank
FNDA:0,<impl Mbc for Mbc3>::is_ram_enabled
FNDA:2,<impl Mbc for Mbc3>::save_ram
FNDA:2,<impl Mbc for Mbc3>::load_ram
DA:17,12
DA:25,12
DA:29,116
DA:30,116
DA:31,12
DA:32,12
DA:34,104
DA:35,104
DA:36,104
DA:37,104
DA:38,104
DA:39,104
DA:40,100
DA:42,4
DA:43,14
DA:44,10
DA:45,10
DA:46,2
DA:47,2
DA:48,2
DA:49,0
DA:50,0
DA:51,0
DA:52,0
DA:53,0
DA:54,0
DA:55,0
DA:56,0
DA:65,16
DA:66,16
DA:69,22
DA:70,22
DA:71,10
DA:72,2
DA:73,2
DA:74,2
DA:76,6
DA:77,6
DA:78,8
DA:79,2
DA:81,8
DA:82,2
DA:84,6
DA:86,0
DA:90,18
DA:91,18
DA:92,6
DA:93,2
DA:94,2
DA:95,2
DA:96,6
DA:97,6
DA:98,6
DA:99,6
DA:101,0
DA:105,2
DA:106,2
DA:107,2
DA:108,2
DA:109,2
DA:110,2
DA:111,2
DA:112,2
DA:113,2
DA:114,2
DA:115,2
DA:116,2
DA:117,2
DA:119,2
DA:120,2
DA:123,2
DA:124,2
DA:125,2
DA:126,2
DA:127,2
DA:128,2
DA:129,2
DA:130,2
DA:131,2
DA:132,2
DA:133,2
DA:134,2
DA:139,2
DA:167,12
DA:169,12
DA:170,12
DA:177,12
DA:182,140
DA:183,140
DA:184,216
DA:185,32
DA:191,22
DA:192,22
DA:194,22
DA:196,22
DA:197,0
DA:198,0
DA:199,0
DA:201,0
DA:202,0
DA:205,22
DA:206,22
DA:207,0
DA:209,22
DA:210,22
DA:211,0
DA:212,0
DA:213,0
DA:215,0
DA:218,66
DA:221,0
DA:224,100
DA:226,100
DA:227,286
DA:228,182
DA:229,82
DA:231,100
DA:233,100
DA:234,12
DA:235,12
DA:238,88
DA:239,0
DA:240,0
DA:241,0
DA:243,0
DA:244,0
DA:247,88
DA:248,38
DA:249,38
DA:252,50
DA:254,76
DA:255,16
DA:256,16
DA:258,32
DA:259,32
DA:262,18
DA:263,18
DA:264,0
DA:266,36
DA:270,0
DA:271,0
DA:272,0
DA:273,0
DA:274,0
DA:276,0
DA:279,0
DA:282,0
DA:285,0
DA:286,0
DA:288,0
DA:289,0
DA:291,0
DA:292,0
DA:294,2
DA:295,2
DA:296,2
DA:297,2
DA:299,2
DA:300,2
DA:301,2
DA:303,2
DA:304,2
DA:305,2
DA:306,2
DA:307,0
DA:308,0
DA:309,0
DA:310,0
DA:312,0
LF:169
LH:123
end_of_record
TN:
SF:/Users/smeya/git/gboxide/core-lib/src/mmu/mbc/mbc5.rs
FN:18,Mbc5::new
FN:33,<impl Mbc for Mbc5>::read
FN:55,<impl Mbc for Mbc5>::write
FN:95,<impl Mbc for Mbc5>::rom_bank
FN:98,<impl Mbc for Mbc5>::ram_bank
FN:101,<impl Mbc for Mbc5>::is_ram_enabled
FN:104,<impl Mbc for Mbc5>::save_ram
FN:107,<impl Mbc for Mbc5>::load_ram
FNF:8
FNDA:514,Mbc5::new
FNDA:514,<impl Mbc for Mbc5>::read
FNDA:1546,<impl Mbc for Mbc5>::write
FNDA:2,<impl Mbc for Mbc5>::rom_bank
FNDA:0,<impl Mbc for Mbc5>::ram_bank
FNDA:0,<impl Mbc for Mbc5>::is_ram_enabled
FNDA:0,<impl Mbc for Mbc5>::save_ram
FNDA:0,<impl Mbc for Mbc5>::load_ram
DA:18,514
DA:20,514
DA:33,514
DA:34,514
DA:36,514
DA:38,514
DA:39,0
DA:40,0
DA:41,0
DA:44,514
DA:45,514
DA:46,0
DA:48,514
DA:49,514
DA:50,514
DA:52,0
DA:55,1546
DA:56,1546
DA:58,1546
DA:59,514
DA:60,514
DA:63,1032
DA:64,2
DA:65,2
DA:68,1030
DA:69,2
DA:70,2
DA:73,1028
DA:74,514
DA:76,514
DA:79,514
DA:80,514
DA:81,0
DA:83,514
DA:84,514
DA:85,514
DA:86,514
DA:87,514
DA:89,0
DA:92,0
DA:95,2
DA:96,2
DA:98,0
DA:99,0
DA:101,0
DA:102,0
DA:104,0
DA:105,0
DA:107,0
DA:108,0
DA:109,0
DA:111,0
DA:112,0
LF:53
LH:34
end_of_record
TN:
SF:/Users/smeya/git/gboxide/core-lib/src/mmu/mbc.rs
FN:66,NoMbc::new
FN:76,<impl Mbc for NoMbc>::read
FN:89,<impl Mbc for NoMbc>::write
FN:106,<impl Mbc for NoMbc>::rom_bank
FN:110,<impl Mbc for NoMbc>::ram_bank
FN:114,<impl Mbc for NoMbc>::is_ram_enabled
FN:118,<impl Mbc for NoMbc>::save_ram
FN:122,<impl Mbc for NoMbc>::load_ram
FNF:8
FNDA:15,NoMbc::new
FNDA:20,<impl Mbc for NoMbc>::read
FNDA:8,<impl Mbc for NoMbc>::write
FNDA:2,<impl Mbc for NoMbc>::rom_bank
FNDA:2,<impl Mbc for NoMbc>::ram_bank
FNDA:2,<impl Mbc for NoMbc>::is_ram_enabled
FNDA:2,<impl Mbc for NoMbc>::save_ram
FNDA:4,<impl Mbc for NoMbc>::load_ram
DA:66,15
DA:69,15
DA:76,20
DA:77,20
DA:78,34
DA:79,6
DA:80,4
DA:81,2
DA:83,2
DA:85,2
DA:89,8
DA:90,8
DA:91,8
DA:92,4
DA:93,4
DA:95,4
DA:96,2
DA:97,0
DA:99,2
DA:100,2
DA:102,2
DA:106,2
DA:107,2
DA:110,2
DA:111,2
DA:114,2
DA:115,2
DA:118,2
DA:119,2
DA:122,4
DA:123,4
DA:124,2
DA:126,2
DA:127,2
LF:34
LH:33
end_of_record
TN:
SF:/Users/smeya/git/gboxide/core-lib/src/mmu/mod.rs
FN:28,Joypad::new
FN:36,Joypad::set_button
FN:46,Joypad::read
FN:62,Joypad::write
FN:127,MMU::new
FN:151,MMU::start_dma
FN:159,MMU::process_dma
FN:200,MMU::read
FN:259,MMU::write
FN:335,MMU::step
FN:351,MMU::save_ram
FN:359,MMU::load_ram
FN:364,MMU::update_joypad
FN:375,<impl MemoryBusTrait for MMU>::read
FN:379,<impl MemoryBusTrait for MMU>::write
FN:383,<impl MemoryBusTrait for MMU>::get_interrupt
FN:387,<impl MemoryBusTrait for MMU>::clear_interrupt
FN:391,<impl MemoryBusTrait for MMU>::get_interrupt_vector
FN:395,<impl MemoryBusTrait for MMU>::as_any
FN:399,<impl MemoryBusTrait for MMU>::interrupts_mut
FNF:20
FNDA:27,Joypad::new
FNDA:6,Joypad::set_button
FNDA:0,Joypad::read
FNDA:2,Joypad::write
FNDA:32,MMU::new
FNDA:6,MMU::start_dma
FNDA:57,MMU::process_dma
FNDA:720,MMU::read
FNDA:695,MMU::write
FNDA:57,MMU::step
FNDA:2,MMU::save_ram
FNDA:1,MMU::load_ram
FNDA:6,MMU::update_joypad
FNDA:4,<impl MemoryBusTrait for MMU>::read
FNDA:0,<impl MemoryBusTrait for MMU>::write
FNDA:4,<impl MemoryBusTrait for MMU>::get_interrupt
FNDA:0,<impl MemoryBusTrait for MMU>::clear_interrupt
FNDA:0,<impl MemoryBusTrait for MMU>::get_interrupt_vector
FNDA:0,<impl MemoryBusTrait for MMU>::as_any
FNDA:4,<impl MemoryBusTrait for MMU>::interrupts_mut
DA:28,27
DA:36,6
DA:37,6
DA:38,8
DA:39,2
DA:41,4
DA:46,0
DA:49,0
DA:50,0
DA:52,0
DA:54,0
DA:56,0
DA:58,0
DA:62,2
DA:63,2
DA:127,32
DA:128,64
DA:129,27
DA:151,6
DA:152,6
DA:153,6
DA:154,6
DA:155,6
DA:159,57
DA:160,62
DA:161,52
DA:165,5
DA:166,5
DA:167,800
DA:168,1600
DA:169,1440
DA:170,800
DA:171,960
DA:172,0
DA:173,0
DA:174,0
DA:175,0
DA:177,0
DA:178,0
DA:179,0
DA:183,0
DA:185,800
DA:186,800
DA:189,800
DA:190,5
DA:191,5
DA:192,5
DA:200,720
DA:202,722
DA:203,0
DA:206,720
DA:208,1446
DA:210,695
DA:211,0
DA:212,2
DA:215,693
DA:217,690
DA:219,688
DA:220,641
DA:221,0
DA:223,641
DA:224,0
DA:225,641
DA:230,47
DA:232,47
DA:233,45
DA:234,0
DA:235,0
DA:236,0
DA:237,42
DA:239,4
DA:241,1
DA:243,0
DA:245,0
DA:249,4
DA:251,0
DA:259,695
DA:261,695
DA:262,0
DA:265,695
DA:267,1230
DA:269,676
DA:270,332
DA:271,166
DA:275,993
DA:276,483
DA:279,27
DA:280,0
DA:283,27
DA:284,9
DA:285,9
DA:286,1
DA:288,1
DA:292,18
DA:294,18
DA:295,16
DA:296,2
DA:297,2
DA:299,0
DA:300,0
DA:302,0
DA:303,0
DA:306,0
DA:307,0
DA:310,4
DA:311,2
DA:314,6
DA:316,12
DA:317,6
DA:320,0
DA:321,0
DA:326,4
DA:327,2
DA:330,0
DA:332,695
DA:335,57
DA:336,57
DA:339,114
DA:340,4
DA:341,2
DA:342,2
DA:346,57
DA:351,2
DA:352,2
DA:359,1
DA:360,1
DA:364,6
DA:365,6
DA:366,6
DA:368,8
DA:369,2
DA:375,4
DA:376,4
DA:379,0
DA:380,0
DA:383,4
DA:384,4
DA:387,0
DA:388,0
DA:391,0
DA:392,0
DA:395,0
DA:396,0
DA:399,4
DA:400,4
LF:145
LH:101
end_of_record
TN:
SF:/Users/smeya/git/gboxide/core-lib/src/ppu/color.rs
FN:55,Color::new
FN:66,Color::from_palette
FN:73,Color::to_rgba32
FN:78,Color::from_rgba32
FNF:4
FNDA:2,Color::new
FNDA:489,Color::from_palette
FNDA:1,Color::to_rgba32
FNDA:1,Color::from_rgba32
DA:55,2
DA:66,489
DA:67,489
DA:68,489
DA:69,489
DA:73,1
DA:74,1
DA:78,1
DA:80,1
DA:81,1
DA:82,1
DA:83,1
LF:12
LH:12
end_of_record
TN:
SF:/Users/smeya/git/gboxide/core-lib/src/ppu/helpers.rs
FN:7,collect_visible_sprites
FN:28,sprite_pixel_for_x
FN:110,cgb_bg_color
FN:128,cgb_obj_color
FN:144,set_bg_priority
FN:162,get_bg_priority
FNF:6
FNDA:6,collect_visible_sprites
FNDA:3,sprite_pixel_for_x
FNDA:2,cgb_bg_color
FNDA:2,cgb_obj_color
FNDA:5,set_bg_priority
FNDA:6,get_bg_priority
DA:7,6
DA:11,6
DA:12,6
DA:13,427
DA:14,211
DA:15,1
DA:17,210
DA:18,210
DA:19,434
DA:20,14
DA:21,14
DA:24,6
DA:28,3
DA:35,3
DA:36,15
DA:37,24
DA:38,0
DA:39,3
DA:40,6
DA:41,1
DA:44,2
DA:45,2
DA:46,2
DA:47,2
DA:48,2
DA:51,3
DA:52,3
DA:53,2
DA:54,0
DA:55,1
DA:57,1
DA:59,6
DA:60,0
DA:62,3
DA:64,7
DA:65,1
DA:67,2
DA:69,3
DA:70,3
DA:71,3
DA:72,6
DA:73,1
DA:75,2
DA:77,3
DA:78,3
DA:79,1
DA:81,0
DA:82,1
DA:84,1
DA:85,1
DA:87,0
DA:89,0
DA:91,0
DA:92,0
DA:93,0
DA:94,0
DA:95,0
DA:96,0
DA:100,1
DA:110,2
DA:111,2
DA:112,2
DA:113,2
DA:114,2
DA:115,2
DA:116,2
DA:117,2
DA:128,2
DA:129,2
DA:130,2
DA:131,2
DA:132,2
DA:133,2
DA:134,2
DA:135,2
DA:144,5
DA:145,5
DA:146,5
DA:147,10
DA:148,3
DA:149,3
DA:151,2
DA:162,6
DA:163,6
DA:164,6
DA:165,18
LF:86
LH:74
end_of_record
TN:
SF:/Users/smeya/git/gboxide/core-lib/src/ppu/mod.rs
FN:72,PpuMode::from_mode
FN:82,PpuMode::duration
FNF:2
FNDA:0,PpuMode::from_mode
FNDA:0,PpuMode::duration
DA:72,0
DA:73,0
DA:74,0
DA:75,0
DA:76,0
DA:77,0
DA:82,0
DA:83,0
DA:84,0
DA:85,0
DA:86,0
DA:87,0
LF:12
LH:0
end_of_record
TN:
SF:/Users/smeya/git/gboxide/core-lib/src/ppu/ppu.rs
FN:60,<impl Default for Ppu>::default
FN:95,Ppu::new
FN:100,Ppu::is_lcd_enabled
FN:105,Ppu::set_mode
FN:113,Ppu::check_stat_interrupt
FN:123,Ppu::check_lyc_interrupt
FN:128,Ppu::update_lyc_flag
FN:137,Ppu::reset
FN:142,Ppu::reset_window_counter
FN:150,Ppu::render_window
FN:257,Ppu::step
FN:369,Ppu::render_scanline
FN:400,Ppu::render_background
FN:489,Ppu::render_sprites
FN:546,Ppu::read
FN:604,Ppu::write
FN:730,Ppu::get_frame_buffer
FN:735,Ppu::clear_frame_ready
FN:740,Ppu::is_frame_ready
FN:745,Ppu::get_mode
FN:750,Ppu::dma_write
FNF:21
FNDA:42,<impl Default for Ppu>::default
FNDA:42,Ppu::new
FNDA:65,Ppu::is_lcd_enabled
FNDA:20,Ppu::set_mode
FNDA:7,Ppu::check_stat_interrupt
FNDA:6,Ppu::check_lyc_interrupt
FNDA:6,Ppu::update_lyc_flag
FNDA:0,Ppu::reset
FNDA:0,Ppu::reset_window_counter
FNDA:0,Ppu::render_window
FNDA:62,Ppu::step
FNDA:3,Ppu::render_scanline
FNDA:3,Ppu::render_background
FNDA:0,Ppu::render_sprites
FNDA:9,Ppu::read
FNDA:11,Ppu::write
FNDA:2,Ppu::get_frame_buffer
FNDA:0,Ppu::clear_frame_ready
FNDA:0,Ppu::is_frame_ready
FNDA:819,Ppu::get_mode
FNDA:1,Ppu::dma_write
DA:60,42
DA:62,42
DA:63,42
DA:64,42
DA:65,42
DA:78,42
DA:79,42
DA:83,42
DA:85,42
DA:87,42
DA:95,42
DA:96,42
DA:100,65
DA:101,65
DA:105,20
DA:106,20
DA:108,20
DA:109,20
DA:113,7
DA:114,7
DA:115,3
DA:116,1
DA:117,3
DA:118,0
DA:123,6
DA:124,7
DA:128,6
DA:129,7
DA:130,1
DA:132,5
DA:137,0
DA:138,0
DA:142,0
DA:143,0
DA:150,0
DA:152,0
DA:153,0
DA:158,0
DA:160,0
DA:165,0
DA:167,0
DA:183,0
DA:185,0
DA:187,0
DA:188,0
DA:189,0
DA:190,0
DA:193,0
DA:194,0
DA:198,0
DA:199,0
DA:200,0
DA:201,0
DA:204,0
DA:206,0
DA:210,0
DA:213,0
DA:214,0
DA:216,0
DA:219,0
DA:220,0
DA:222,0
DA:225,0
DA:226,0
DA:227,0
DA:228,0
DA:230,0
DA:231,0
DA:233,0
DA:236,0
DA:238,0
DA:239,0
DA:241,0
DA:243,0
DA:245,0
DA:246,0
DA:257,62
DA:258,62
DA:260,0
DA:263,62
DA:264,62
DA:267,62
DA:270,54
DA:271,54
DA:272,54
DA:273,54
DA:274,54
DA:277,60
DA:278,6
DA:279,6
DA:283,3
DA:285,3
DA:287,3
DA:289,3
DA:290,3
DA:293,3
DA:294,0
DA:299,5
DA:301,5
DA:302,4
DA:303,4
DA:306,4
DA:307,0
DA:310,4
DA:312,4
DA:314,1
DA:315,1
DA:316,1
DA:319,1
DA:320,0
DA:324,3
DA:327,3
DA:328,0
DA:334,0
DA:335,0
DA:337,0
DA:338,0
DA:339,0
DA:341,0
DA:342,0
DA:345,0
DA:346,0
DA:348,0
DA:349,0
DA:352,0
DA:353,0
DA:358,0
DA:359,0
DA:365,62
DA:369,3
DA:370,3
DA:372,0
DA:373,0
DA:374,0
DA:375,0
DA:379,3
DA:380,3
DA:383,3
DA:384,0
DA:388,0
DA:389,0
DA:390,0
DA:394,3
DA:395,0
DA:400,3
DA:402,6
DA:403,0
DA:405,3
DA:409,6
DA:410,3
DA:412,0
DA:414,3
DA:417,3
DA:418,3
DA:419,3
DA:422,3
DA:424,963
DA:436,0
DA:437,0
DA:438,0
DA:441,0
DA:443,480
DA:450,0
DA:451,0
DA:453,480
DA:456,0
DA:457,0
DA:459,480
DA:467,0
DA:468,0
DA:470,480
DA:476,0
DA:478,480
DA:482,0
DA:483,0
DA:489,0
DA:490,0
DA:491,0
DA:494,0
DA:495,0
DA:497,0
DA:500,0
DA:501,0
DA:518,0
DA:520,0
DA:525,0
DA:526,0
DA:527,0
DA:529,0
DA:530,0
DA:534,0
DA:535,0
DA:546,9
DA:547,9
DA:549,9
DA:551,2
DA:552,1
DA:554,1
DA:560,7
DA:562,4
DA:563,1
DA:565,1
DA:569,1
DA:572,0
DA:573,0
DA:574,0
DA:575,0
DA:577,1
DA:578,1
DA:579,2
DA:580,0
DA:581,0
DA:582,0
DA:583,0
DA:584,0
DA:585,0
DA:588,0
DA:589,0
DA:590,0
DA:591,0
DA:592,0
DA:595,0
DA:604,11
DA:605,11
DA:607,11
DA:609,2
DA:610,1
DA:612,1
DA:619,9
DA:621,4
DA:622,1
DA:624,1
DA:625,1
DA:630,5
DA:631,5
DA:634,5
DA:635,10
DA:637,1
DA:638,1
DA:639,1
DA:640,7
DA:642,1
DA:649,0
DA:650,0
DA:651,0
DA:652,0
DA:655,1
DA:656,1
DA:659,1
DA:660,1
DA:664,0
DA:667,0
DA:668,0
DA:669,0
DA:672,0
DA:673,0
DA:676,0
DA:677,0
DA:680,0
DA:681,0
DA:684,0
DA:685,0
DA:688,0
DA:689,0
DA:694,0
DA:695,0
DA:698,0
DA:699,0
DA:702,0
DA:703,0
DA:704,0
DA:705,0
DA:706,0
DA:708,0
DA:711,0
DA:712,0
DA:715,0
DA:716,0
DA:717,0
DA:718,0
DA:719,0
DA:721,0
DA:725,0
DA:730,2
DA:731,2
DA:735,0
DA:736,0
DA:740,0
DA:741,0
DA:745,819
DA:746,819
DA:750,1
DA:752,1
LF:293
LH:128
end_of_record
TN:
SF:/Users/smeya/git/gboxide/core-lib/src/ppu/ppu_modes.rs
FN:6,handle_mode_2
FN:40,handle_mode_3
FN:53,handle_mode_0
FN:67,handle_mode_1
FNF:4
FNDA:54,handle_mode_2
FNDA:3,handle_mode_3
FNDA:5,handle_mode_0
FNDA:0,handle_mode_1
DA:6,54
DA:14,54
DA:16,6
DA:19,6
DA:21,6
DA:22,0
DA:24,3
DA:28,3
DA:32,6
DA:35,48
DA:40,3
DA:43,3
DA:45,3
DA:48,0
DA:53,5
DA:57,5
DA:59,4
DA:62,1
DA:67,0
DA:69,0
DA:70,0
DA:71,0
DA:74,0
DA:75,0
DA:78,0
DA:82,0
LF:26
LH:16
end_of_record
TN:
SF:/Users/smeya/git/gboxide/core-lib/src/ppu/sprite.rs
FN:30,OamScanResult::new
FN:38,OamScanResult::reset
FN:46,OamScanResult::add_sprite
FN:59,Sprite::from_oam
FN:74,Sprite::has_priority
FN:79,Sprite::is_x_flipped
FN:84,Sprite::is_y_flipped
FN:91,Sprite::palette
FN:98,Sprite::y_position
FN:105,Sprite::x_position
FN:110,Sprite::is_visible_on_scanline
FN:117,collect_visible_sprites
FN:135,sprite_pixel_for_x
FN:224,cgb_obj_color
FNF:14
FNDA:45,OamScanResult::new
FNDA:6,OamScanResult::reset
FNDA:1,OamScanResult::add_sprite
FNDA:331,Sprite::from_oam
FNDA:5,Sprite::has_priority
FNDA:3,Sprite::is_x_flipped
FNDA:3,Sprite::is_y_flipped
FNDA:2,Sprite::palette
FNDA:334,Sprite::y_position
FNDA:4,Sprite::x_position
FNDA:120,Sprite::is_visible_on_scanline
FNDA:3,collect_visible_sprites
FNDA:0,sprite_pixel_for_x
FNDA:0,cgb_obj_color
DA:30,45
DA:32,45
DA:38,6
DA:39,6
DA:40,6
DA:46,1
DA:47,1
DA:48,0
DA:51,1
DA:52,1
DA:53,1
DA:59,331
DA:60,331
DA:62,331
DA:63,331
DA:64,331
DA:65,331
DA:74,5
DA:75,5
DA:79,3
DA:80,3
DA:84,3
DA:85,3
DA:91,2
DA:92,2
DA:98,334
DA:99,334
DA:105,4
DA:106,4
DA:110,120
DA:111,120
DA:112,240
DA:117,3
DA:118,3
DA:120,243
DA:121,120
DA:122,0
DA:125,120
DA:126,121
DA:127,1
DA:131,3
DA:135,0
DA:146,0
DA:148,0
DA:149,0
DA:152,0
DA:153,0
DA:154,0
DA:157,0
DA:158,0
DA:159,0
DA:160,0
DA:161,0
DA:165,0
DA:166,0
DA:167,0
DA:168,0
DA:169,0
DA:171,0
DA:174,0
DA:175,0
DA:177,0
DA:180,0
DA:182,0
DA:183,0
DA:185,0
DA:186,0
DA:187,0
DA:189,0
DA:192,0
DA:193,0
DA:194,0
DA:198,0
DA:200,0
DA:214,0
DA:224,0
DA:225,0
DA:226,0
DA:227,0
DA:228,0
DA:229,0
DA:230,0
DA:231,0
LF:83
LH:39
end_of_record
TN:
SF:/Users/smeya/git/gboxide/core-lib/src/timer/mod.rs
FN:104,<impl Default for Timer>::default
FNF:1
FNDA:0,<impl Default for Timer>::default
DA:104,0
DA:105,0
DA:165,3733
DA:166,3733
DA:167,775
DA:169,2958
DA:170,2958
DA:519,257
DA:520,257
DA:525,783
DA:526,1045
DA:528,262
DA:530,521
DA:531,521
DA:539,0
DA:540,0
LF:16
LH:12
end_of_record
TN:
SF:/Users/smeya/git/gboxide/core-lib/tests/mbc.rs
FN:9,dummy_rom
FNF:1
FNDA:779,dummy_rom
DA:9,779
DA:11,779
DA:12,2387346966
LF:3
LH:3
end_of_record
TN:
SF:/Users/smeya/git/gboxide/core-lib/tests/opcode_coverage.rs
FN:10,<impl MemoryBusTrait for DummyBus>::read
FN:13,<impl MemoryBusTrait for DummyBus>::write
FN:16,<impl MemoryBusTrait for DummyBus>::get_interrupt
FN:19,<impl MemoryBusTrait for DummyBus>::clear_interrupt
FN:20,<impl MemoryBusTrait for DummyBus>::get_interrupt_vector
FN:23,<impl MemoryBusTrait for DummyBus>::as_any
FN:26,<impl MemoryBusTrait for DummyBus>::interrupts_mut
FNF:7
FNDA:142,<impl MemoryBusTrait for DummyBus>::read
FNDA:73,<impl MemoryBusTrait for DummyBus>::write
FNDA:0,<impl MemoryBusTrait for DummyBus>::get_interrupt
FNDA:0,<impl MemoryBusTrait for DummyBus>::clear_interrupt
FNDA:0,<impl MemoryBusTrait for DummyBus>::get_interrupt_vector
FNDA:0,<impl MemoryBusTrait for DummyBus>::as_any
FNDA:0,<impl MemoryBusTrait for DummyBus>::interrupts_mut
DA:10,142
DA:11,142
DA:13,73
DA:14,73
DA:16,0
DA:17,0
DA:19,0
DA:20,0
DA:21,0
DA:23,0
DA:24,0
DA:26,0
DA:27,0
LF:13
LH:4
end_of_record
